#! /usr/bin/vvp
:ivl_version "12.0 (stable)";
:ivl_delay_selection "TYPICAL";
:vpi_time_precision - 8;
:vpi_module "/usr/lib/x86_64-linux-gnu/ivl/system.vpi";
:vpi_module "/usr/lib/x86_64-linux-gnu/ivl/vhdl_sys.vpi";
:vpi_module "/usr/lib/x86_64-linux-gnu/ivl/vhdl_textio.vpi";
:vpi_module "/usr/lib/x86_64-linux-gnu/ivl/v2005_math.vpi";
:vpi_module "/usr/lib/x86_64-linux-gnu/ivl/va_math.vpi";
:vpi_module "/usr/lib/x86_64-linux-gnu/ivl/v2009.vpi";
S_0x64b2cc4107d0 .scope package, "$unit" "$unit" 2 1;
 .timescale 0 0;
S_0x64b2cc406560 .scope module, "aso" "aso" 3 1;
 .timescale 0 0;
    .port_info 0 /INPUT 1 "clk";
    .port_info 1 /INPUT 1 "rst";
    .port_info 2 /INPUT 16 "data_in";
    .port_info 3 /INPUT 16 "threshold_in";
    .port_info 4 /OUTPUT 1 "spike_detected";
P_0x64b2cc419400 .param/l "OPERATION" 1 3 11, C4<1>;
P_0x64b2cc419440 .param/l "TRAINING" 1 3 10, C4<0>;
v0x64b2cc3ea0f0_0 .var/s "aso", 15 0;
o0x77fc6c7a00a8 .functor BUFZ 1, C4<z>; HiZ drive
v0x64b2cc3eff60_0 .net "clk", 0 0, o0x77fc6c7a00a8;  0 drivers
o0x77fc6c7a00d8 .functor BUFZ 16, C4<zzzzzzzzzzzzzzzz>; HiZ drive
v0x64b2cc3f0030_0 .net "data_in", 15 0, o0x77fc6c7a00d8;  0 drivers
o0x77fc6c7a0108 .functor BUFZ 1, C4<z>; HiZ drive
v0x64b2cc3df790_0 .net "rst", 0 0, o0x77fc6c7a0108;  0 drivers
v0x64b2cc3df890_0 .var "spike_detected", 0 0;
v0x64b2cc42dad0_0 .var "state", 0 0;
v0x64b2cc42db90_0 .var/s "threshold", 15 0;
o0x77fc6c7a01c8 .functor BUFZ 16, C4<zzzzzzzzzzzzzzzz>; HiZ drive
v0x64b2cc42dc70_0 .net "threshold_in", 15 0, o0x77fc6c7a01c8;  0 drivers
v0x64b2cc42dd50_0 .var/s "x1", 15 0;
v0x64b2cc42dec0_0 .var/s "x2", 15 0;
v0x64b2cc42dfa0_0 .var/s "x3", 15 0;
v0x64b2cc42e080_0 .var/s "x4", 15 0;
E_0x64b2cc3a0250 .event posedge, v0x64b2cc3df790_0, v0x64b2cc3eff60_0;
S_0x64b2cc3fb420 .scope function.vec4.u16, "abs_val" "abs_val" 3 21, 3 21 0, S_0x64b2cc406560;
 .timescale 0 0;
; Variable abs_val is vec4 return value of scope S_0x64b2cc3fb420
v0x64b2cc3ea050_0 .var/s "val", 15 0;
TD_aso.abs_val ;
    %load/vec4 v0x64b2cc3ea050_0;
    %pad/s 32;
    %cmpi/s 0, 0, 32;
    %flag_mov 8, 5;
    %jmp/0 T_0.0, 8;
    %load/vec4 v0x64b2cc3ea050_0;
    %inv;
    %pushi/vec4 1, 0, 16;
    %add;
    %jmp/1 T_0.1, 8;
T_0.0 ; End of true expr.
    %load/vec4 v0x64b2cc3ea050_0;
    %jmp/0 T_0.1, 8;
 ; End of false expr.
    %blend;
T_0.1;
    %ret/vec4 0, 0, 16;  Assign to abs_val (store_vec4_to_lval)
    %end;
S_0x64b2cc4061a0 .scope module, "ed" "ed" 4 1;
 .timescale 0 0;
    .port_info 0 /INPUT 1 "clk";
    .port_info 1 /INPUT 1 "rst";
    .port_info 2 /INPUT 16 "data_in";
    .port_info 3 /INPUT 16 "threshold_in";
    .port_info 4 /OUTPUT 1 "spike_detected";
P_0x64b2cc40eb00 .param/l "OPERATION" 1 4 14, C4<1>;
P_0x64b2cc40eb40 .param/l "TRAINING" 1 4 13, C4<0>;
P_0x64b2cc40eb80 .param/l "k" 1 4 10, +C4<00000000000000000000000000000010>;
o0x77fc6c7a03a8 .functor BUFZ 1, C4<z>; HiZ drive
v0x64b2cc42e240_0 .net "clk", 0 0, o0x77fc6c7a03a8;  0 drivers
o0x77fc6c7a03d8 .functor BUFZ 16, C4<zzzzzzzzzzzzzzzz>; HiZ drive
v0x64b2cc42e320_0 .net "data_in", 15 0, o0x77fc6c7a03d8;  0 drivers
v0x64b2cc42e400_0 .var/i "i", 31 0;
v0x64b2cc42e4c0 .array/s "input_buffer", 2 0, 15 0;
o0x77fc6c7a0438 .functor BUFZ 1, C4<z>; HiZ drive
v0x64b2cc42e580_0 .net "rst", 0 0, o0x77fc6c7a0438;  0 drivers
v0x64b2cc42e640_0 .var "spike_detected", 0 0;
v0x64b2cc42e700_0 .var/s "squared_diff", 31 0;
v0x64b2cc42e7e0_0 .var "state", 0 0;
v0x64b2cc42e8a0_0 .var/s "threshold", 15 0;
o0x77fc6c7a0528 .functor BUFZ 16, C4<zzzzzzzzzzzzzzzz>; HiZ drive
v0x64b2cc42ea10_0 .net "threshold_in", 15 0, o0x77fc6c7a0528;  0 drivers
E_0x64b2cc39ece0 .event posedge, v0x64b2cc42e580_0, v0x64b2cc42e240_0;
S_0x64b2cc405e80 .scope module, "input_deserializer" "input_deserializer" 5 1;
 .timescale 0 0;
    .port_info 0 /INPUT 1 "clk";
    .port_info 1 /INPUT 1 "rst";
    .port_info 2 /INPUT 1 "valid";
    .port_info 3 /INPUT 1 "byte_select";
    .port_info 4 /INPUT 8 "data_byte";
    .port_info 5 /OUTPUT 16 "word_out";
    .port_info 6 /OUTPUT 1 "word_valid";
o0x77fc6c7a0648 .functor BUFZ 1, C4<z>; HiZ drive
v0x64b2cc42ebd0_0 .net "byte_select", 0 0, o0x77fc6c7a0648;  0 drivers
o0x77fc6c7a0678 .functor BUFZ 1, C4<z>; HiZ drive
v0x64b2cc42ecb0_0 .net "clk", 0 0, o0x77fc6c7a0678;  0 drivers
o0x77fc6c7a06a8 .functor BUFZ 8, C4<zzzzzzzz>; HiZ drive
v0x64b2cc42ed70_0 .net "data_byte", 7 0, o0x77fc6c7a06a8;  0 drivers
v0x64b2cc42ee30_0 .var "low_byte", 7 0;
v0x64b2cc42ef10_0 .var "low_byte_received", 0 0;
o0x77fc6c7a0738 .functor BUFZ 1, C4<z>; HiZ drive
v0x64b2cc42efd0_0 .net "rst", 0 0, o0x77fc6c7a0738;  0 drivers
o0x77fc6c7a0768 .functor BUFZ 1, C4<z>; HiZ drive
v0x64b2cc42f090_0 .net "valid", 0 0, o0x77fc6c7a0768;  0 drivers
v0x64b2cc42f150_0 .var "word_out", 15 0;
v0x64b2cc42f230_0 .var "word_valid", 0 0;
E_0x64b2cc39fd70 .event posedge, v0x64b2cc42efd0_0, v0x64b2cc42ecb0_0;
S_0x64b2cc3fbb00 .scope module, "neo" "neo" 6 1;
 .timescale 0 0;
    .port_info 0 /INPUT 1 "clk";
    .port_info 1 /INPUT 1 "rst";
    .port_info 2 /INPUT 16 "data_in";
    .port_info 3 /INPUT 16 "threshold_in";
    .port_info 4 /OUTPUT 1 "spike_detected";
P_0x64b2cc3f4860 .param/l "OPERATION" 1 6 11, C4<1>;
P_0x64b2cc3f48a0 .param/l "TRAINING" 1 6 10, C4<0>;
o0x77fc6c7a09a8 .functor BUFZ 1, C4<z>; HiZ drive
v0x64b2cc42f830_0 .net "clk", 0 0, o0x77fc6c7a09a8;  0 drivers
o0x77fc6c7a09d8 .functor BUFZ 16, C4<zzzzzzzzzzzzzzzz>; HiZ drive
v0x64b2cc42f910_0 .net "data_in", 15 0, o0x77fc6c7a09d8;  0 drivers
v0x64b2cc42f9f0_0 .var/s "diff_result", 31 0;
v0x64b2cc42fab0_0 .var/s "mult_x2_x2", 31 0;
v0x64b2cc42fb90_0 .var/s "mult_x3_x1", 31 0;
v0x64b2cc42fc70_0 .var/s "neo", 15 0;
o0x77fc6c7a0ac8 .functor BUFZ 1, C4<z>; HiZ drive
v0x64b2cc42fd50_0 .net "rst", 0 0, o0x77fc6c7a0ac8;  0 drivers
v0x64b2cc42fe10_0 .var "spike_detected", 0 0;
v0x64b2cc42fed0_0 .var "state", 0 0;
v0x64b2cc430020_0 .var/s "threshold", 15 0;
o0x77fc6c7a0b88 .functor BUFZ 16, C4<zzzzzzzzzzzzzzzz>; HiZ drive
v0x64b2cc430100_0 .net "threshold_in", 15 0, o0x77fc6c7a0b88;  0 drivers
v0x64b2cc4301e0_0 .var/s "x1", 15 0;
v0x64b2cc4302c0_0 .var/s "x2", 15 0;
v0x64b2cc4303a0_0 .var/s "x3", 15 0;
E_0x64b2cc39ef90 .event posedge, v0x64b2cc42fd50_0, v0x64b2cc42f830_0;
S_0x64b2cc42f4a0 .scope function.vec4.u32, "abs_val" "abs_val" 6 25, 6 25 0, S_0x64b2cc3fbb00;
 .timescale 0 0;
; Variable abs_val is vec4 return value of scope S_0x64b2cc42f4a0
v0x64b2cc42f750_0 .var/s "val", 31 0;
TD_neo.abs_val ;
    %load/vec4 v0x64b2cc42f750_0;
    %cmpi/s 0, 0, 32;
    %flag_mov 8, 5;
    %jmp/0 T_1.2, 8;
    %load/vec4 v0x64b2cc42f750_0;
    %inv;
    %pushi/vec4 1, 0, 32;
    %add;
    %jmp/1 T_1.3, 8;
T_1.2 ; End of true expr.
    %load/vec4 v0x64b2cc42f750_0;
    %jmp/0 T_1.3, 8;
 ; End of false expr.
    %blend;
T_1.3;
    %ret/vec4 0, 0, 32;  Assign to abs_val (store_vec4_to_lval)
    %end;
S_0x64b2cc3fb740 .scope module, "tb_tt_module" "tb_tt_module" 7 4;
 .timescale -8 -8;
P_0x64b2cc413df0 .param/l "DATA_WIDTH" 0 7 10, +C4<00000000000000000000000000010000>;
P_0x64b2cc413e30 .param/l "DEBUG" 1 7 12, +C4<00000000000000000000000000000001>;
P_0x64b2cc413e70 .param/l "NUM_CHANNELS" 0 7 9, +C4<00000000000000000000000000000100>;
P_0x64b2cc413eb0 .param/l "PROCESS_CYCLES" 0 7 11, +C4<00000000000000000000000000000010>;
v0x64b2cc444e20_0 .var/i "byte_index", 31 0;
v0x64b2cc444f20_0 .var "ch0", 15 0;
v0x64b2cc445000_0 .var "ch1", 15 0;
v0x64b2cc4450f0_0 .var "ch2", 15 0;
v0x64b2cc4451d0_0 .var "ch3", 15 0;
v0x64b2cc4452b0_0 .var "clk", 0 0;
v0x64b2cc445350_0 .var/i "code", 31 0;
v0x64b2cc445430_0 .var/i "data_file", 31 0;
v0x64b2cc445510_0 .var "ena", 0 0;
v0x64b2cc4455b0_0 .var/i "i", 31 0;
v0x64b2cc445670_0 .var "line", 255 0;
v0x64b2cc445750_0 .var/i "max_samples", 31 0;
v0x64b2cc445830_0 .var "packed_data", 63 0;
v0x64b2cc445910_0 .var "rst_n", 0 0;
v0x64b2cc4459e0_0 .var/i "sample_count", 31 0;
v0x64b2cc445aa0_0 .var "ui_in", 7 0;
v0x64b2cc445b90_0 .var "uio_in", 7 0;
L_0x77fc6c757648 .functor BUFT 1, C4<00000000>, C4<0>, C4<0>, C4<0>;
v0x64b2cc445d70_0 .net "uio_oe", 7 0, L_0x77fc6c757648;  1 drivers
L_0x77fc6c757600 .functor BUFT 1, C4<00000000>, C4<0>, C4<0>, C4<0>;
v0x64b2cc445e40_0 .net "uio_out", 7 0, L_0x77fc6c757600;  1 drivers
v0x64b2cc445f10_0 .net "uo_out", 7 0, L_0x64b2cc457cb0;  1 drivers
S_0x64b2cc430520 .scope module, "dut" "tt_um_example" 7 32, 8 2 0, S_0x64b2cc3fb740;
 .timescale 0 0;
    .port_info 0 /INPUT 8 "ui_in";
    .port_info 1 /OUTPUT 8 "uo_out";
    .port_info 2 /INPUT 8 "uio_in";
    .port_info 3 /OUTPUT 8 "uio_out";
    .port_info 4 /OUTPUT 8 "uio_oe";
    .port_info 5 /INPUT 1 "ena";
    .port_info 6 /INPUT 1 "clk";
    .port_info 7 /INPUT 1 "rst_n";
P_0x64b2cc4306d0 .param/l "DATA_WIDTH" 0 8 14, +C4<00000000000000000000000000010000>;
P_0x64b2cc430710 .param/l "IDX_W" 1 8 17, +C4<00000000000000000000000000000011>;
P_0x64b2cc430750 .param/l "NUM_UNITS" 0 8 13, +C4<00000000000000000000000000000100>;
P_0x64b2cc430790 .param/l "TOTAL_B" 1 8 16, +C4<00000000000000000000000000001000>;
P_0x64b2cc4307d0 .param/l "TOTAL_W" 1 8 15, +C4<00000000000000000000000001000000>;
L_0x64b2cc3fc800 .functor NOT 1, v0x64b2cc445910_0, C4<0>, C4<0>, C4<0>;
v0x64b2cc4436b0_0 .net *"_ivl_10", 31 0, L_0x64b2cc457860;  1 drivers
L_0x77fc6c757570 .functor BUFT 1, C4<000000000000000000000000000000>, C4<0>, C4<0>, C4<0>;
v0x64b2cc4437b0_0 .net *"_ivl_13", 29 0, L_0x77fc6c757570;  1 drivers
L_0x77fc6c7575b8 .functor BUFT 1, C4<00000000000000000000000000000010>, C4<0>, C4<0>, C4<0>;
v0x64b2cc443890_0 .net/2u *"_ivl_14", 31 0, L_0x77fc6c7575b8;  1 drivers
v0x64b2cc443980_0 .net *"_ivl_17", 31 0, L_0x64b2cc4579a0;  1 drivers
v0x64b2cc443a60_0 .net *"_ivl_19", 1 0, L_0x64b2cc457ae0;  1 drivers
v0x64b2cc443b40_0 .net *"_ivl_21", 0 0, L_0x64b2cc457c10;  1 drivers
v0x64b2cc443c20_0 .net *"_ivl_28", 0 0, L_0x64b2cc457f80;  1 drivers
L_0x77fc6c757528 .functor BUFT 1, C4<00000>, C4<0>, C4<0>, C4<0>;
v0x64b2cc443d00_0 .net/2u *"_ivl_8", 4 0, L_0x77fc6c757528;  1 drivers
v0x64b2cc443de0_0 .net "_unused", 0 0, L_0x64b2cc458070;  1 drivers
v0x64b2cc443ea0_0 .net "clk", 0 0, v0x64b2cc4452b0_0;  1 drivers
v0x64b2cc443f40_0 .net "ena", 0 0, v0x64b2cc445510_0;  1 drivers
v0x64b2cc444000_0 .net "event_array", 7 0, L_0x64b2cc457750;  1 drivers
v0x64b2cc4440c0_0 .var "idx", 2 0;
v0x64b2cc444180_0 .net "ram_addr", 4 0, L_0x64b2cc446000;  1 drivers
v0x64b2cc444270_0 .net "rst", 0 0, L_0x64b2cc3fc800;  1 drivers
v0x64b2cc444310_0 .net "rst_n", 0 0, v0x64b2cc445910_0;  1 drivers
v0x64b2cc4443b0_0 .var "sample_wr_en", 0 0;
v0x64b2cc444590_0 .net "selected_unit", 1 0, L_0x64b2cc446200;  1 drivers
v0x64b2cc444650_0 .var "shreg", 63 0;
v0x64b2cc444710_0 .net "spike_array", 3 0, L_0x64b2cc457640;  1 drivers
v0x64b2cc4447d0_0 .net "ui_in", 7 0, v0x64b2cc445aa0_0;  1 drivers
v0x64b2cc444890_0 .net "uio_in", 7 0, v0x64b2cc445b90_0;  1 drivers
v0x64b2cc444970_0 .net "uio_oe", 7 0, L_0x77fc6c757648;  alias, 1 drivers
v0x64b2cc444a50_0 .net "uio_out", 7 0, L_0x77fc6c757600;  alias, 1 drivers
v0x64b2cc444b30_0 .net "uo_out", 7 0, L_0x64b2cc457cb0;  alias, 1 drivers
v0x64b2cc444c10_0 .net "write_en_raw", 0 0, L_0x64b2cc446160;  1 drivers
L_0x64b2cc446000 .part v0x64b2cc445aa0_0, 3, 5;
L_0x64b2cc446160 .part v0x64b2cc445aa0_0, 2, 1;
L_0x64b2cc446200 .part v0x64b2cc445aa0_0, 0, 2;
L_0x64b2cc457860 .concat [ 2 30 0 0], L_0x64b2cc446200, L_0x77fc6c757570;
L_0x64b2cc4579a0 .arith/mult 32, L_0x64b2cc457860, L_0x77fc6c7575b8;
L_0x64b2cc457ae0 .part/v L_0x64b2cc457750, L_0x64b2cc4579a0, 2;
L_0x64b2cc457c10 .part/v L_0x64b2cc457640, L_0x64b2cc446200, 1;
L_0x64b2cc457cb0 .concat [ 1 2 5 0], L_0x64b2cc457c10, L_0x64b2cc457ae0, L_0x77fc6c757528;
L_0x64b2cc457f80 .concat [ 1 0 0 0], v0x64b2cc445510_0;
L_0x64b2cc458070 .reduce/and L_0x64b2cc457f80;
S_0x64b2cc430a90 .scope module, "u_processing" "processing_system" 8 61, 9 8 0, S_0x64b2cc430520;
 .timescale 0 0;
    .port_info 0 /INPUT 1 "clk";
    .port_info 1 /INPUT 1 "rst";
    .port_info 2 /INPUT 5 "ram_addr";
    .port_info 3 /INPUT 64 "ram_write_data";
    .port_info 4 /INPUT 1 "ram_write_en";
    .port_info 5 /OUTPUT 4 "spike_detection_array";
    .port_info 6 /OUTPUT 8 "event_out_array";
P_0x64b2cc430c90 .param/l "ADDR_MAX" 1 9 31, +C4<00000000000000000000000000011111>;
P_0x64b2cc430cd0 .param/l "DATA_WIDTH" 0 9 10, +C4<00000000000000000000000000010000>;
P_0x64b2cc430d10 .param/l "DEBUG" 0 9 11, +C4<00000000000000000000000000000000>;
P_0x64b2cc430d50 .param/l "DEPTH" 1 9 30, +C4<00000000000000000000000000100000>;
P_0x64b2cc430d90 .param/l "NUM_UNITS" 0 9 9, +C4<00000000000000000000000000000100>;
L_0x64b2cc3efe40 .functor OR 1, v0x64b2cc4443b0_0, v0x64b2cc443000_0, C4<0>, C4<0>;
L_0x64b2cc3df630 .functor AND 1, L_0x64b2cc4574f0, v0x64b2cc4443b0_0, C4<1>, C4<1>;
L_0x64b2cc457640 .functor BUFZ 4, L_0x64b2cc456b70, C4<0000>, C4<0000>, C4<0000>;
L_0x64b2cc457750 .functor BUFZ 8, L_0x64b2cc456d50, C4<00000000>, C4<00000000>, C4<00000000>;
v0x64b2cc442400_0 .net *"_ivl_28", 31 0, L_0x64b2cc457340;  1 drivers
L_0x77fc6c757498 .functor BUFT 1, C4<000000000000000000000000000>, C4<0>, C4<0>, C4<0>;
v0x64b2cc442500_0 .net *"_ivl_31", 26 0, L_0x77fc6c757498;  1 drivers
L_0x77fc6c7574e0 .functor BUFT 1, C4<00000000000000000000000000011111>, C4<0>, C4<0>, C4<0>;
v0x64b2cc4425e0_0 .net/2u *"_ivl_32", 31 0, L_0x77fc6c7574e0;  1 drivers
v0x64b2cc4426a0_0 .net *"_ivl_34", 0 0, L_0x64b2cc4574f0;  1 drivers
v0x64b2cc442760_0 .net "clk", 0 0, v0x64b2cc4452b0_0;  alias, 1 drivers
v0x64b2cc442850_0 .net "event_out_array", 7 0, L_0x64b2cc457750;  alias, 1 drivers
v0x64b2cc442930_0 .net "event_out_internal", 7 0, L_0x64b2cc456d50;  1 drivers
v0x64b2cc442a10_0 .net "ram_addr", 4 0, L_0x64b2cc446000;  alias, 1 drivers
v0x64b2cc442af0_0 .net "ram_full", 0 0, L_0x64b2cc3df630;  1 drivers
v0x64b2cc442c40_0 .net "ram_q", 63 0, v0x64b2cc441f70_0;  1 drivers
v0x64b2cc442d00_0 .var "ram_q_d", 63 0;
v0x64b2cc442dc0_0 .net "ram_write_data", 63 0, v0x64b2cc444650_0;  1 drivers
v0x64b2cc442e80_0 .net "ram_write_en", 0 0, v0x64b2cc4443b0_0;  1 drivers
v0x64b2cc442f20_0 .var "rd_ptr", 4 0;
v0x64b2cc443000_0 .var "read_phase", 0 0;
v0x64b2cc4430c0_0 .net "rst", 0 0, L_0x64b2cc3fc800;  alias, 1 drivers
v0x64b2cc443160_0 .var "sample_valid", 0 0;
v0x64b2cc443330_0 .var "sample_word", 63 0;
v0x64b2cc443410_0 .net "spike_detection_array", 3 0, L_0x64b2cc457640;  alias, 1 drivers
v0x64b2cc4434f0_0 .net "spike_detection_internal", 3 0, L_0x64b2cc456b70;  1 drivers
L_0x64b2cc4462a0 .part v0x64b2cc443330_0, 0, 16;
L_0x64b2cc4564b0 .part v0x64b2cc443330_0, 16, 16;
L_0x64b2cc456730 .part v0x64b2cc443330_0, 32, 16;
L_0x64b2cc456950 .part v0x64b2cc443330_0, 48, 16;
L_0x64b2cc456b70 .concat8 [ 1 1 1 1], L_0x64b2cc3f4700, L_0x64b2cc3fa8a0, L_0x64b2cc3f1da0, L_0x64b2cc3e9ef0;
L_0x64b2cc456d50 .concat8 [ 2 2 2 2], v0x64b2cc432bc0_0, v0x64b2cc436dc0_0, v0x64b2cc43afd0_0, v0x64b2cc43f250_0;
LS_0x64b2cc456f70_0_0 .concat [ 1 1 1 1], v0x64b2cc4443b0_0, v0x64b2cc4443b0_0, v0x64b2cc4443b0_0, v0x64b2cc4443b0_0;
LS_0x64b2cc456f70_0_4 .concat [ 1 1 1 1], v0x64b2cc4443b0_0, v0x64b2cc4443b0_0, v0x64b2cc4443b0_0, v0x64b2cc4443b0_0;
L_0x64b2cc456f70 .concat [ 4 4 0 0], LS_0x64b2cc456f70_0_0, LS_0x64b2cc456f70_0_4;
L_0x64b2cc457250 .functor MUXZ 5, v0x64b2cc442f20_0, L_0x64b2cc446000, v0x64b2cc4443b0_0, C4<>;
L_0x64b2cc457340 .concat [ 5 27 0 0], L_0x64b2cc446000, L_0x77fc6c757498;
L_0x64b2cc4574f0 .cmp/eq 32, L_0x64b2cc457340, L_0x77fc6c7574e0;
S_0x64b2cc431110 .scope generate, "g_units[0]" "g_units[0]" 9 106, 9 106 0, S_0x64b2cc430a90;
 .timescale 0 0;
P_0x64b2cc431330 .param/l "j" 1 9 106, +C4<00>;
v0x64b2cc435350_0 .net "data_in_j", 15 0, L_0x64b2cc4462a0;  1 drivers
E_0x64b2cc431410 .event posedge, v0x64b2cc432750_0;
S_0x64b2cc431470 .scope module, "u_proc" "processing_unit" 9 112, 10 1 0, S_0x64b2cc431110;
 .timescale 0 0;
    .port_info 0 /INPUT 1 "clk";
    .port_info 1 /INPUT 1 "rst";
    .port_info 2 /INPUT 16 "data_in";
    .port_info 3 /INPUT 16 "threshold_in";
    .port_info 4 /INPUT 8 "class_a_thresh_in";
    .port_info 5 /INPUT 8 "class_b_thresh_in";
    .port_info 6 /INPUT 16 "timeout_period_in";
    .port_info 7 /OUTPUT 1 "spike_detection";
    .port_info 8 /OUTPUT 2 "event_out";
L_0x64b2cc3f4700 .functor BUFZ 1, v0x64b2cc434200_0, C4<0>, C4<0>, C4<0>;
L_0x77fc6c757060 .functor BUFT 1, C4<00001010>, C4<0>, C4<0>, C4<0>;
v0x64b2cc4349f0_0 .net "class_a_thresh_in", 7 0, L_0x77fc6c757060;  1 drivers
L_0x77fc6c7570a8 .functor BUFT 1, C4<00000101>, C4<0>, C4<0>, C4<0>;
v0x64b2cc434ad0_0 .net "class_b_thresh_in", 7 0, L_0x77fc6c7570a8;  1 drivers
v0x64b2cc434ba0_0 .net "clk", 0 0, v0x64b2cc4452b0_0;  alias, 1 drivers
v0x64b2cc434c70_0 .net "data_in", 15 0, L_0x64b2cc4462a0;  alias, 1 drivers
v0x64b2cc434d10_0 .net "event_out", 1 0, v0x64b2cc432bc0_0;  1 drivers
v0x64b2cc434e00_0 .net "rst", 0 0, L_0x64b2cc3fc800;  alias, 1 drivers
v0x64b2cc434ef0_0 .net "spike_detected_internal", 0 0, v0x64b2cc434200_0;  1 drivers
v0x64b2cc434fe0_0 .net "spike_detection", 0 0, L_0x64b2cc3f4700;  1 drivers
L_0x77fc6c757018 .functor BUFT 1, C4<0000000011001000>, C4<0>, C4<0>, C4<0>;
v0x64b2cc435080_0 .net "threshold_in", 15 0, L_0x77fc6c757018;  1 drivers
L_0x77fc6c7570f0 .functor BUFT 1, C4<0000001111101000>, C4<0>, C4<0>, C4<0>;
v0x64b2cc4351b0_0 .net "timeout_period_in", 15 0, L_0x77fc6c7570f0;  1 drivers
S_0x64b2cc4317a0 .scope module, "classifier_instance" "classifier" 10 26, 11 1 0, S_0x64b2cc431470;
 .timescale 0 0;
    .port_info 0 /INPUT 1 "clk";
    .port_info 1 /INPUT 1 "reset";
    .port_info 2 /INPUT 1 "current_detection";
    .port_info 3 /OUTPUT 2 "event_out";
    .port_info 4 /INPUT 8 "class_a_thresh_in";
    .port_info 5 /INPUT 8 "class_b_thresh_in";
    .port_info 6 /INPUT 16 "timeout_period_in";
P_0x64b2cc4319a0 .param/l "COUNTER_CONFIRMATION_A_THRESH" 1 11 22, +C4<00000000000000000000000000000101>;
P_0x64b2cc4319e0 .param/l "COUNTER_CONFIRMATION_B_THRESH" 1 11 23, +C4<00000000000000000000000000000001>;
P_0x64b2cc431a20 .param/l "DECAY_STEP_PERIOD" 1 11 21, +C4<00000000000000000000011111010000>;
P_0x64b2cc431a60 .param/l "EVENT_A" 1 11 14, C4<10>;
P_0x64b2cc431aa0 .param/l "EVENT_B" 1 11 13, C4<01>;
P_0x64b2cc431ae0 .param/l "EVENT_C" 1 11 12, C4<00>;
P_0x64b2cc431b20 .param/l "ICTAL_REFRACTORY_PERIOD" 1 11 20, +C4<0000000000000000000000000000000000000000000000000100111000100000>;
P_0x64b2cc431b60 .param/l "MAX_EXCITABILITY" 1 11 18, +C4<00000000000000000000000001100100>;
P_0x64b2cc431ba0 .param/l "SAMPLE_RATE" 1 11 17, +C4<00000000000000000000011111010000>;
P_0x64b2cc431be0 .param/l "SATURATION_EXCITABILITY" 1 11 19, +C4<00000000000000000000000000001010>;
v0x64b2cc4323a0_0 .net "class_a_thresh_in", 7 0, L_0x77fc6c757060;  alias, 1 drivers
v0x64b2cc4324a0_0 .var "class_a_threshold", 31 0;
v0x64b2cc432580_0 .net "class_b_thresh_in", 7 0, L_0x77fc6c7570a8;  alias, 1 drivers
v0x64b2cc432670_0 .var "class_b_threshold", 31 0;
v0x64b2cc432750_0 .net "clk", 0 0, v0x64b2cc4452b0_0;  alias, 1 drivers
v0x64b2cc432860_0 .var "counter_confirmation_a", 31 0;
v0x64b2cc432940_0 .var "counter_confirmation_b", 31 0;
v0x64b2cc432a20_0 .net "current_detection", 0 0, v0x64b2cc434200_0;  alias, 1 drivers
v0x64b2cc432ae0_0 .var "current_event", 1 0;
v0x64b2cc432bc0_0 .var "event_out", 1 0;
v0x64b2cc432ca0_0 .var "event_start", 31 0;
v0x64b2cc432d80_0 .var "excitability", 31 0;
v0x64b2cc432e60_0 .var "k", 31 0;
v0x64b2cc432f40_0 .var "last_a_section_end", 31 0;
v0x64b2cc433020_0 .var "last_b_section_end", 31 0;
v0x64b2cc433100_0 .var "last_event_sample_count", 31 0;
v0x64b2cc4331e0_0 .var "last_peak_sample_count", 31 0;
v0x64b2cc4332c0_0 .var "previous_event", 1 0;
v0x64b2cc4333a0_0 .net "reset", 0 0, L_0x64b2cc3fc800;  alias, 1 drivers
v0x64b2cc433460_0 .var "sample_count", 31 0;
v0x64b2cc433540_0 .var "timeout_period", 31 0;
v0x64b2cc433620_0 .net "timeout_period_in", 15 0, L_0x77fc6c7570f0;  alias, 1 drivers
E_0x64b2cc432340 .event posedge, v0x64b2cc4333a0_0, v0x64b2cc432750_0;
S_0x64b2cc433820 .scope module, "spike_detector_instance" "ado" 10 17, 12 1 0, S_0x64b2cc431470;
 .timescale 0 0;
    .port_info 0 /INPUT 1 "clk";
    .port_info 1 /INPUT 1 "rst";
    .port_info 2 /INPUT 16 "data_in";
    .port_info 3 /INPUT 16 "threshold_in";
    .port_info 4 /OUTPUT 1 "spike_detected";
P_0x64b2cc430870 .param/l "OPERATION" 1 12 11, C4<1>;
P_0x64b2cc4308b0 .param/l "TRAINING" 1 12 10, C4<0>;
v0x64b2cc433e70_0 .var/s "ado", 15 0;
v0x64b2cc433f70_0 .net "clk", 0 0, v0x64b2cc4452b0_0;  alias, 1 drivers
v0x64b2cc434060_0 .net "data_in", 15 0, L_0x64b2cc4462a0;  alias, 1 drivers
v0x64b2cc434130_0 .net "rst", 0 0, L_0x64b2cc3fc800;  alias, 1 drivers
v0x64b2cc434200_0 .var "spike_detected", 0 0;
v0x64b2cc4342f0_0 .var "state", 0 0;
v0x64b2cc434390_0 .var/s "threshold", 15 0;
v0x64b2cc434430_0 .net "threshold_in", 15 0, L_0x77fc6c757018;  alias, 1 drivers
v0x64b2cc434510_0 .var/s "x1", 15 0;
v0x64b2cc434680_0 .var/s "x2", 15 0;
v0x64b2cc434760_0 .var/s "x3", 15 0;
v0x64b2cc434840_0 .var/s "x4", 15 0;
S_0x64b2cc433ab0 .scope function.vec4.u16, "abs_val" "abs_val" 12 21, 12 21 0, S_0x64b2cc433820;
 .timescale 0 0;
; Variable abs_val is vec4 return value of scope S_0x64b2cc433ab0
v0x64b2cc433d90_0 .var/s "val", 15 0;
TD_tb_tt_module.dut.u_processing.g_units\x5B0\x5D.u_proc.spike_detector_instance.abs_val ;
    %load/vec4 v0x64b2cc433d90_0;
    %pad/s 32;
    %cmpi/s 0, 0, 32;
    %flag_mov 8, 5;
    %jmp/0 T_2.4, 8;
    %load/vec4 v0x64b2cc433d90_0;
    %inv;
    %pushi/vec4 1, 0, 16;
    %add;
    %jmp/1 T_2.5, 8;
T_2.4 ; End of true expr.
    %load/vec4 v0x64b2cc433d90_0;
    %jmp/0 T_2.5, 8;
 ; End of false expr.
    %blend;
T_2.5;
    %ret/vec4 0, 0, 16;  Assign to abs_val (store_vec4_to_lval)
    %end;
S_0x64b2cc435430 .scope generate, "g_units[1]" "g_units[1]" 9 106, 9 106 0, S_0x64b2cc430a90;
 .timescale 0 0;
P_0x64b2cc435650 .param/l "j" 1 9 106, +C4<01>;
v0x64b2cc439550_0 .net "data_in_j", 15 0, L_0x64b2cc4564b0;  1 drivers
S_0x64b2cc435710 .scope module, "u_proc" "processing_unit" 9 112, 10 1 0, S_0x64b2cc435430;
 .timescale 0 0;
    .port_info 0 /INPUT 1 "clk";
    .port_info 1 /INPUT 1 "rst";
    .port_info 2 /INPUT 16 "data_in";
    .port_info 3 /INPUT 16 "threshold_in";
    .port_info 4 /INPUT 8 "class_a_thresh_in";
    .port_info 5 /INPUT 8 "class_b_thresh_in";
    .port_info 6 /INPUT 16 "timeout_period_in";
    .port_info 7 /OUTPUT 1 "spike_detection";
    .port_info 8 /OUTPUT 2 "event_out";
L_0x64b2cc3fa8a0 .functor BUFZ 1, v0x64b2cc4384a0_0, C4<0>, C4<0>, C4<0>;
L_0x77fc6c757180 .functor BUFT 1, C4<00001010>, C4<0>, C4<0>, C4<0>;
v0x64b2cc438c80_0 .net "class_a_thresh_in", 7 0, L_0x77fc6c757180;  1 drivers
L_0x77fc6c7571c8 .functor BUFT 1, C4<00000101>, C4<0>, C4<0>, C4<0>;
v0x64b2cc438d60_0 .net "class_b_thresh_in", 7 0, L_0x77fc6c7571c8;  1 drivers
v0x64b2cc438e30_0 .net "clk", 0 0, v0x64b2cc4452b0_0;  alias, 1 drivers
v0x64b2cc438f00_0 .net "data_in", 15 0, L_0x64b2cc4564b0;  alias, 1 drivers
v0x64b2cc438fd0_0 .net "event_out", 1 0, v0x64b2cc436dc0_0;  1 drivers
v0x64b2cc439070_0 .net "rst", 0 0, L_0x64b2cc3fc800;  alias, 1 drivers
v0x64b2cc439110_0 .net "spike_detected_internal", 0 0, v0x64b2cc4384a0_0;  1 drivers
v0x64b2cc4391b0_0 .net "spike_detection", 0 0, L_0x64b2cc3fa8a0;  1 drivers
L_0x77fc6c757138 .functor BUFT 1, C4<0000000011001000>, C4<0>, C4<0>, C4<0>;
v0x64b2cc439250_0 .net "threshold_in", 15 0, L_0x77fc6c757138;  1 drivers
L_0x77fc6c757210 .functor BUFT 1, C4<0000001111101000>, C4<0>, C4<0>, C4<0>;
v0x64b2cc439380_0 .net "timeout_period_in", 15 0, L_0x77fc6c757210;  1 drivers
S_0x64b2cc435a20 .scope module, "classifier_instance" "classifier" 10 26, 11 1 0, S_0x64b2cc435710;
 .timescale 0 0;
    .port_info 0 /INPUT 1 "clk";
    .port_info 1 /INPUT 1 "reset";
    .port_info 2 /INPUT 1 "current_detection";
    .port_info 3 /OUTPUT 2 "event_out";
    .port_info 4 /INPUT 8 "class_a_thresh_in";
    .port_info 5 /INPUT 8 "class_b_thresh_in";
    .port_info 6 /INPUT 16 "timeout_period_in";
P_0x64b2cc435c20 .param/l "COUNTER_CONFIRMATION_A_THRESH" 1 11 22, +C4<00000000000000000000000000000101>;
P_0x64b2cc435c60 .param/l "COUNTER_CONFIRMATION_B_THRESH" 1 11 23, +C4<00000000000000000000000000000001>;
P_0x64b2cc435ca0 .param/l "DECAY_STEP_PERIOD" 1 11 21, +C4<00000000000000000000011111010000>;
P_0x64b2cc435ce0 .param/l "EVENT_A" 1 11 14, C4<10>;
P_0x64b2cc435d20 .param/l "EVENT_B" 1 11 13, C4<01>;
P_0x64b2cc435d60 .param/l "EVENT_C" 1 11 12, C4<00>;
P_0x64b2cc435da0 .param/l "ICTAL_REFRACTORY_PERIOD" 1 11 20, +C4<0000000000000000000000000000000000000000000000000100111000100000>;
P_0x64b2cc435de0 .param/l "MAX_EXCITABILITY" 1 11 18, +C4<00000000000000000000000001100100>;
P_0x64b2cc435e20 .param/l "SAMPLE_RATE" 1 11 17, +C4<00000000000000000000011111010000>;
P_0x64b2cc435e60 .param/l "SATURATION_EXCITABILITY" 1 11 19, +C4<00000000000000000000000000001010>;
v0x64b2cc4365e0_0 .net "class_a_thresh_in", 7 0, L_0x77fc6c757180;  alias, 1 drivers
v0x64b2cc4366c0_0 .var "class_a_threshold", 31 0;
v0x64b2cc4367a0_0 .net "class_b_thresh_in", 7 0, L_0x77fc6c7571c8;  alias, 1 drivers
v0x64b2cc436890_0 .var "class_b_threshold", 31 0;
v0x64b2cc436970_0 .net "clk", 0 0, v0x64b2cc4452b0_0;  alias, 1 drivers
v0x64b2cc436a60_0 .var "counter_confirmation_a", 31 0;
v0x64b2cc436b40_0 .var "counter_confirmation_b", 31 0;
v0x64b2cc436c20_0 .net "current_detection", 0 0, v0x64b2cc4384a0_0;  alias, 1 drivers
v0x64b2cc436ce0_0 .var "current_event", 1 0;
v0x64b2cc436dc0_0 .var "event_out", 1 0;
v0x64b2cc436ea0_0 .var "event_start", 31 0;
v0x64b2cc436f80_0 .var "excitability", 31 0;
v0x64b2cc437060_0 .var "k", 31 0;
v0x64b2cc437140_0 .var "last_a_section_end", 31 0;
v0x64b2cc437220_0 .var "last_b_section_end", 31 0;
v0x64b2cc437300_0 .var "last_event_sample_count", 31 0;
v0x64b2cc4373e0_0 .var "last_peak_sample_count", 31 0;
v0x64b2cc4374c0_0 .var "previous_event", 1 0;
v0x64b2cc4375a0_0 .net "reset", 0 0, L_0x64b2cc3fc800;  alias, 1 drivers
v0x64b2cc437640_0 .var "sample_count", 31 0;
v0x64b2cc437720_0 .var "timeout_period", 31 0;
v0x64b2cc437800_0 .net "timeout_period_in", 15 0, L_0x77fc6c757210;  alias, 1 drivers
S_0x64b2cc437a00 .scope module, "spike_detector_instance" "ado" 10 17, 12 1 0, S_0x64b2cc435710;
 .timescale 0 0;
    .port_info 0 /INPUT 1 "clk";
    .port_info 1 /INPUT 1 "rst";
    .port_info 2 /INPUT 16 "data_in";
    .port_info 3 /INPUT 16 "threshold_in";
    .port_info 4 /OUTPUT 1 "spike_detected";
P_0x64b2cc435f00 .param/l "OPERATION" 1 12 11, C4<1>;
P_0x64b2cc435f40 .param/l "TRAINING" 1 12 10, C4<0>;
v0x64b2cc438050_0 .var/s "ado", 15 0;
v0x64b2cc438150_0 .net "clk", 0 0, v0x64b2cc4452b0_0;  alias, 1 drivers
v0x64b2cc4382a0_0 .net "data_in", 15 0, L_0x64b2cc4564b0;  alias, 1 drivers
v0x64b2cc438370_0 .net "rst", 0 0, L_0x64b2cc3fc800;  alias, 1 drivers
v0x64b2cc4384a0_0 .var "spike_detected", 0 0;
v0x64b2cc438540_0 .var "state", 0 0;
v0x64b2cc4385e0_0 .var/s "threshold", 15 0;
v0x64b2cc4386c0_0 .net "threshold_in", 15 0, L_0x77fc6c757138;  alias, 1 drivers
v0x64b2cc4387a0_0 .var/s "x1", 15 0;
v0x64b2cc438910_0 .var/s "x2", 15 0;
v0x64b2cc4389f0_0 .var/s "x3", 15 0;
v0x64b2cc438ad0_0 .var/s "x4", 15 0;
S_0x64b2cc437c90 .scope function.vec4.u16, "abs_val" "abs_val" 12 21, 12 21 0, S_0x64b2cc437a00;
 .timescale 0 0;
; Variable abs_val is vec4 return value of scope S_0x64b2cc437c90
v0x64b2cc437f70_0 .var/s "val", 15 0;
TD_tb_tt_module.dut.u_processing.g_units\x5B1\x5D.u_proc.spike_detector_instance.abs_val ;
    %load/vec4 v0x64b2cc437f70_0;
    %pad/s 32;
    %cmpi/s 0, 0, 32;
    %flag_mov 8, 5;
    %jmp/0 T_3.6, 8;
    %load/vec4 v0x64b2cc437f70_0;
    %inv;
    %pushi/vec4 1, 0, 16;
    %add;
    %jmp/1 T_3.7, 8;
T_3.6 ; End of true expr.
    %load/vec4 v0x64b2cc437f70_0;
    %jmp/0 T_3.7, 8;
 ; End of false expr.
    %blend;
T_3.7;
    %ret/vec4 0, 0, 16;  Assign to abs_val (store_vec4_to_lval)
    %end;
S_0x64b2cc439630 .scope generate, "g_units[2]" "g_units[2]" 9 106, 9 106 0, S_0x64b2cc430a90;
 .timescale 0 0;
P_0x64b2cc439830 .param/l "j" 1 9 106, +C4<010>;
v0x64b2cc43d870_0 .net "data_in_j", 15 0, L_0x64b2cc456730;  1 drivers
S_0x64b2cc4398f0 .scope module, "u_proc" "processing_unit" 9 112, 10 1 0, S_0x64b2cc439630;
 .timescale 0 0;
    .port_info 0 /INPUT 1 "clk";
    .port_info 1 /INPUT 1 "rst";
    .port_info 2 /INPUT 16 "data_in";
    .port_info 3 /INPUT 16 "threshold_in";
    .port_info 4 /INPUT 8 "class_a_thresh_in";
    .port_info 5 /INPUT 8 "class_b_thresh_in";
    .port_info 6 /INPUT 16 "timeout_period_in";
    .port_info 7 /OUTPUT 1 "spike_detection";
    .port_info 8 /OUTPUT 2 "event_out";
L_0x64b2cc3f1da0 .functor BUFZ 1, v0x64b2cc43c590_0, C4<0>, C4<0>, C4<0>;
L_0x77fc6c7572a0 .functor BUFT 1, C4<00001010>, C4<0>, C4<0>, C4<0>;
v0x64b2cc43cdc0_0 .net "class_a_thresh_in", 7 0, L_0x77fc6c7572a0;  1 drivers
L_0x77fc6c7572e8 .functor BUFT 1, C4<00000101>, C4<0>, C4<0>, C4<0>;
v0x64b2cc43cea0_0 .net "class_b_thresh_in", 7 0, L_0x77fc6c7572e8;  1 drivers
v0x64b2cc43cf70_0 .net "clk", 0 0, v0x64b2cc4452b0_0;  alias, 1 drivers
v0x64b2cc43d150_0 .net "data_in", 15 0, L_0x64b2cc456730;  alias, 1 drivers
v0x64b2cc43d220_0 .net "event_out", 1 0, v0x64b2cc43afd0_0;  1 drivers
v0x64b2cc43d2c0_0 .net "rst", 0 0, L_0x64b2cc3fc800;  alias, 1 drivers
v0x64b2cc43d470_0 .net "spike_detected_internal", 0 0, v0x64b2cc43c590_0;  1 drivers
v0x64b2cc43d560_0 .net "spike_detection", 0 0, L_0x64b2cc3f1da0;  1 drivers
L_0x77fc6c757258 .functor BUFT 1, C4<0000000011001000>, C4<0>, C4<0>, C4<0>;
v0x64b2cc43d600_0 .net "threshold_in", 15 0, L_0x77fc6c757258;  1 drivers
L_0x77fc6c757330 .functor BUFT 1, C4<0000001111101000>, C4<0>, C4<0>, C4<0>;
v0x64b2cc43d6a0_0 .net "timeout_period_in", 15 0, L_0x77fc6c757330;  1 drivers
S_0x64b2cc439c00 .scope module, "classifier_instance" "classifier" 10 26, 11 1 0, S_0x64b2cc4398f0;
 .timescale 0 0;
    .port_info 0 /INPUT 1 "clk";
    .port_info 1 /INPUT 1 "reset";
    .port_info 2 /INPUT 1 "current_detection";
    .port_info 3 /OUTPUT 2 "event_out";
    .port_info 4 /INPUT 8 "class_a_thresh_in";
    .port_info 5 /INPUT 8 "class_b_thresh_in";
    .port_info 6 /INPUT 16 "timeout_period_in";
P_0x64b2cc439e00 .param/l "COUNTER_CONFIRMATION_A_THRESH" 1 11 22, +C4<00000000000000000000000000000101>;
P_0x64b2cc439e40 .param/l "COUNTER_CONFIRMATION_B_THRESH" 1 11 23, +C4<00000000000000000000000000000001>;
P_0x64b2cc439e80 .param/l "DECAY_STEP_PERIOD" 1 11 21, +C4<00000000000000000000011111010000>;
P_0x64b2cc439ec0 .param/l "EVENT_A" 1 11 14, C4<10>;
P_0x64b2cc439f00 .param/l "EVENT_B" 1 11 13, C4<01>;
P_0x64b2cc439f40 .param/l "EVENT_C" 1 11 12, C4<00>;
P_0x64b2cc439f80 .param/l "ICTAL_REFRACTORY_PERIOD" 1 11 20, +C4<0000000000000000000000000000000000000000000000000100111000100000>;
P_0x64b2cc439fc0 .param/l "MAX_EXCITABILITY" 1 11 18, +C4<00000000000000000000000001100100>;
P_0x64b2cc43a000 .param/l "SAMPLE_RATE" 1 11 17, +C4<00000000000000000000011111010000>;
P_0x64b2cc43a040 .param/l "SATURATION_EXCITABILITY" 1 11 19, +C4<00000000000000000000000000001010>;
v0x64b2cc43a7f0_0 .net "class_a_thresh_in", 7 0, L_0x77fc6c7572a0;  alias, 1 drivers
v0x64b2cc43a8d0_0 .var "class_a_threshold", 31 0;
v0x64b2cc43a9b0_0 .net "class_b_thresh_in", 7 0, L_0x77fc6c7572e8;  alias, 1 drivers
v0x64b2cc43aaa0_0 .var "class_b_threshold", 31 0;
v0x64b2cc43ab80_0 .net "clk", 0 0, v0x64b2cc4452b0_0;  alias, 1 drivers
v0x64b2cc43ac70_0 .var "counter_confirmation_a", 31 0;
v0x64b2cc43ad50_0 .var "counter_confirmation_b", 31 0;
v0x64b2cc43ae30_0 .net "current_detection", 0 0, v0x64b2cc43c590_0;  alias, 1 drivers
v0x64b2cc43aef0_0 .var "current_event", 1 0;
v0x64b2cc43afd0_0 .var "event_out", 1 0;
v0x64b2cc43b0b0_0 .var "event_start", 31 0;
v0x64b2cc43b190_0 .var "excitability", 31 0;
v0x64b2cc43b270_0 .var "k", 31 0;
v0x64b2cc43b350_0 .var "last_a_section_end", 31 0;
v0x64b2cc43b430_0 .var "last_b_section_end", 31 0;
v0x64b2cc43b510_0 .var "last_event_sample_count", 31 0;
v0x64b2cc43b5f0_0 .var "last_peak_sample_count", 31 0;
v0x64b2cc43b6d0_0 .var "previous_event", 1 0;
v0x64b2cc43b7b0_0 .net "reset", 0 0, L_0x64b2cc3fc800;  alias, 1 drivers
v0x64b2cc43b850_0 .var "sample_count", 31 0;
v0x64b2cc43b930_0 .var "timeout_period", 31 0;
v0x64b2cc43ba10_0 .net "timeout_period_in", 15 0, L_0x77fc6c757330;  alias, 1 drivers
S_0x64b2cc43bc10 .scope module, "spike_detector_instance" "ado" 10 17, 12 1 0, S_0x64b2cc4398f0;
 .timescale 0 0;
    .port_info 0 /INPUT 1 "clk";
    .port_info 1 /INPUT 1 "rst";
    .port_info 2 /INPUT 16 "data_in";
    .port_info 3 /INPUT 16 "threshold_in";
    .port_info 4 /OUTPUT 1 "spike_detected";
P_0x64b2cc43a0e0 .param/l "OPERATION" 1 12 11, C4<1>;
P_0x64b2cc43a120 .param/l "TRAINING" 1 12 10, C4<0>;
v0x64b2cc43c260_0 .var/s "ado", 15 0;
v0x64b2cc43c360_0 .net "clk", 0 0, v0x64b2cc4452b0_0;  alias, 1 drivers
v0x64b2cc43c420_0 .net "data_in", 15 0, L_0x64b2cc456730;  alias, 1 drivers
v0x64b2cc43c4f0_0 .net "rst", 0 0, L_0x64b2cc3fc800;  alias, 1 drivers
v0x64b2cc43c590_0 .var "spike_detected", 0 0;
v0x64b2cc43c680_0 .var "state", 0 0;
v0x64b2cc43c720_0 .var/s "threshold", 15 0;
v0x64b2cc43c800_0 .net "threshold_in", 15 0, L_0x77fc6c757258;  alias, 1 drivers
v0x64b2cc43c8e0_0 .var/s "x1", 15 0;
v0x64b2cc43ca50_0 .var/s "x2", 15 0;
v0x64b2cc43cb30_0 .var/s "x3", 15 0;
v0x64b2cc43cc10_0 .var/s "x4", 15 0;
S_0x64b2cc43bea0 .scope function.vec4.u16, "abs_val" "abs_val" 12 21, 12 21 0, S_0x64b2cc43bc10;
 .timescale 0 0;
; Variable abs_val is vec4 return value of scope S_0x64b2cc43bea0
v0x64b2cc43c180_0 .var/s "val", 15 0;
TD_tb_tt_module.dut.u_processing.g_units\x5B2\x5D.u_proc.spike_detector_instance.abs_val ;
    %load/vec4 v0x64b2cc43c180_0;
    %pad/s 32;
    %cmpi/s 0, 0, 32;
    %flag_mov 8, 5;
    %jmp/0 T_4.8, 8;
    %load/vec4 v0x64b2cc43c180_0;
    %inv;
    %pushi/vec4 1, 0, 16;
    %add;
    %jmp/1 T_4.9, 8;
T_4.8 ; End of true expr.
    %load/vec4 v0x64b2cc43c180_0;
    %jmp/0 T_4.9, 8;
 ; End of false expr.
    %blend;
T_4.9;
    %ret/vec4 0, 0, 16;  Assign to abs_val (store_vec4_to_lval)
    %end;
S_0x64b2cc43d950 .scope generate, "g_units[3]" "g_units[3]" 9 106, 9 106 0, S_0x64b2cc430a90;
 .timescale 0 0;
P_0x64b2cc43db50 .param/l "j" 1 9 106, +C4<011>;
v0x64b2cc441960_0 .net "data_in_j", 15 0, L_0x64b2cc456950;  1 drivers
S_0x64b2cc43dc30 .scope module, "u_proc" "processing_unit" 9 112, 10 1 0, S_0x64b2cc43d950;
 .timescale 0 0;
    .port_info 0 /INPUT 1 "clk";
    .port_info 1 /INPUT 1 "rst";
    .port_info 2 /INPUT 16 "data_in";
    .port_info 3 /INPUT 16 "threshold_in";
    .port_info 4 /INPUT 8 "class_a_thresh_in";
    .port_info 5 /INPUT 8 "class_b_thresh_in";
    .port_info 6 /INPUT 16 "timeout_period_in";
    .port_info 7 /OUTPUT 1 "spike_detection";
    .port_info 8 /OUTPUT 2 "event_out";
L_0x64b2cc3e9ef0 .functor BUFZ 1, v0x64b2cc440810_0, C4<0>, C4<0>, C4<0>;
L_0x77fc6c7573c0 .functor BUFT 1, C4<00001010>, C4<0>, C4<0>, C4<0>;
v0x64b2cc441040_0 .net "class_a_thresh_in", 7 0, L_0x77fc6c7573c0;  1 drivers
L_0x77fc6c757408 .functor BUFT 1, C4<00000101>, C4<0>, C4<0>, C4<0>;
v0x64b2cc441120_0 .net "class_b_thresh_in", 7 0, L_0x77fc6c757408;  1 drivers
v0x64b2cc4411f0_0 .net "clk", 0 0, v0x64b2cc4452b0_0;  alias, 1 drivers
v0x64b2cc4412c0_0 .net "data_in", 15 0, L_0x64b2cc456950;  alias, 1 drivers
v0x64b2cc441390_0 .net "event_out", 1 0, v0x64b2cc43f250_0;  1 drivers
v0x64b2cc441430_0 .net "rst", 0 0, L_0x64b2cc3fc800;  alias, 1 drivers
v0x64b2cc4414d0_0 .net "spike_detected_internal", 0 0, v0x64b2cc440810_0;  1 drivers
v0x64b2cc4415c0_0 .net "spike_detection", 0 0, L_0x64b2cc3e9ef0;  1 drivers
L_0x77fc6c757378 .functor BUFT 1, C4<0000000011001000>, C4<0>, C4<0>, C4<0>;
v0x64b2cc441660_0 .net "threshold_in", 15 0, L_0x77fc6c757378;  1 drivers
L_0x77fc6c757450 .functor BUFT 1, C4<0000001111101000>, C4<0>, C4<0>, C4<0>;
v0x64b2cc441790_0 .net "timeout_period_in", 15 0, L_0x77fc6c757450;  1 drivers
S_0x64b2cc43df40 .scope module, "classifier_instance" "classifier" 10 26, 11 1 0, S_0x64b2cc43dc30;
 .timescale 0 0;
    .port_info 0 /INPUT 1 "clk";
    .port_info 1 /INPUT 1 "reset";
    .port_info 2 /INPUT 1 "current_detection";
    .port_info 3 /OUTPUT 2 "event_out";
    .port_info 4 /INPUT 8 "class_a_thresh_in";
    .port_info 5 /INPUT 8 "class_b_thresh_in";
    .port_info 6 /INPUT 16 "timeout_period_in";
P_0x64b2cc43e140 .param/l "COUNTER_CONFIRMATION_A_THRESH" 1 11 22, +C4<00000000000000000000000000000101>;
P_0x64b2cc43e180 .param/l "COUNTER_CONFIRMATION_B_THRESH" 1 11 23, +C4<00000000000000000000000000000001>;
P_0x64b2cc43e1c0 .param/l "DECAY_STEP_PERIOD" 1 11 21, +C4<00000000000000000000011111010000>;
P_0x64b2cc43e200 .param/l "EVENT_A" 1 11 14, C4<10>;
P_0x64b2cc43e240 .param/l "EVENT_B" 1 11 13, C4<01>;
P_0x64b2cc43e280 .param/l "EVENT_C" 1 11 12, C4<00>;
P_0x64b2cc43e2c0 .param/l "ICTAL_REFRACTORY_PERIOD" 1 11 20, +C4<0000000000000000000000000000000000000000000000000100111000100000>;
P_0x64b2cc43e300 .param/l "MAX_EXCITABILITY" 1 11 18, +C4<00000000000000000000000001100100>;
P_0x64b2cc43e340 .param/l "SAMPLE_RATE" 1 11 17, +C4<00000000000000000000011111010000>;
P_0x64b2cc43e380 .param/l "SATURATION_EXCITABILITY" 1 11 19, +C4<00000000000000000000000000001010>;
v0x64b2cc43ea70_0 .net "class_a_thresh_in", 7 0, L_0x77fc6c7573c0;  alias, 1 drivers
v0x64b2cc43eb50_0 .var "class_a_threshold", 31 0;
v0x64b2cc43ec30_0 .net "class_b_thresh_in", 7 0, L_0x77fc6c757408;  alias, 1 drivers
v0x64b2cc43ed20_0 .var "class_b_threshold", 31 0;
v0x64b2cc43ee00_0 .net "clk", 0 0, v0x64b2cc4452b0_0;  alias, 1 drivers
v0x64b2cc43eef0_0 .var "counter_confirmation_a", 31 0;
v0x64b2cc43efd0_0 .var "counter_confirmation_b", 31 0;
v0x64b2cc43f0b0_0 .net "current_detection", 0 0, v0x64b2cc440810_0;  alias, 1 drivers
v0x64b2cc43f170_0 .var "current_event", 1 0;
v0x64b2cc43f250_0 .var "event_out", 1 0;
v0x64b2cc43f330_0 .var "event_start", 31 0;
v0x64b2cc43f410_0 .var "excitability", 31 0;
v0x64b2cc43f4f0_0 .var "k", 31 0;
v0x64b2cc43f5d0_0 .var "last_a_section_end", 31 0;
v0x64b2cc43f6b0_0 .var "last_b_section_end", 31 0;
v0x64b2cc43f790_0 .var "last_event_sample_count", 31 0;
v0x64b2cc43f870_0 .var "last_peak_sample_count", 31 0;
v0x64b2cc43f950_0 .var "previous_event", 1 0;
v0x64b2cc43fa30_0 .net "reset", 0 0, L_0x64b2cc3fc800;  alias, 1 drivers
v0x64b2cc43fad0_0 .var "sample_count", 31 0;
v0x64b2cc43fbb0_0 .var "timeout_period", 31 0;
v0x64b2cc43fc90_0 .net "timeout_period_in", 15 0, L_0x77fc6c757450;  alias, 1 drivers
S_0x64b2cc43fe90 .scope module, "spike_detector_instance" "ado" 10 17, 12 1 0, S_0x64b2cc43dc30;
 .timescale 0 0;
    .port_info 0 /INPUT 1 "clk";
    .port_info 1 /INPUT 1 "rst";
    .port_info 2 /INPUT 16 "data_in";
    .port_info 3 /INPUT 16 "threshold_in";
    .port_info 4 /OUTPUT 1 "spike_detected";
P_0x64b2cc438210 .param/l "OPERATION" 1 12 11, C4<1>;
P_0x64b2cc438250 .param/l "TRAINING" 1 12 10, C4<0>;
v0x64b2cc4404e0_0 .var/s "ado", 15 0;
v0x64b2cc4405e0_0 .net "clk", 0 0, v0x64b2cc4452b0_0;  alias, 1 drivers
v0x64b2cc4406a0_0 .net "data_in", 15 0, L_0x64b2cc456950;  alias, 1 drivers
v0x64b2cc440770_0 .net "rst", 0 0, L_0x64b2cc3fc800;  alias, 1 drivers
v0x64b2cc440810_0 .var "spike_detected", 0 0;
v0x64b2cc440900_0 .var "state", 0 0;
v0x64b2cc4409a0_0 .var/s "threshold", 15 0;
v0x64b2cc440a80_0 .net "threshold_in", 15 0, L_0x77fc6c757378;  alias, 1 drivers
v0x64b2cc440b60_0 .var/s "x1", 15 0;
v0x64b2cc440cd0_0 .var/s "x2", 15 0;
v0x64b2cc440db0_0 .var/s "x3", 15 0;
v0x64b2cc440e90_0 .var/s "x4", 15 0;
S_0x64b2cc440120 .scope function.vec4.u16, "abs_val" "abs_val" 12 21, 12 21 0, S_0x64b2cc43fe90;
 .timescale 0 0;
; Variable abs_val is vec4 return value of scope S_0x64b2cc440120
v0x64b2cc440400_0 .var/s "val", 15 0;
TD_tb_tt_module.dut.u_processing.g_units\x5B3\x5D.u_proc.spike_detector_instance.abs_val ;
    %load/vec4 v0x64b2cc440400_0;
    %pad/s 32;
    %cmpi/s 0, 0, 32;
    %flag_mov 8, 5;
    %jmp/0 T_5.10, 8;
    %load/vec4 v0x64b2cc440400_0;
    %inv;
    %pushi/vec4 1, 0, 16;
    %add;
    %jmp/1 T_5.11, 8;
T_5.10 ; End of true expr.
    %load/vec4 v0x64b2cc440400_0;
    %jmp/0 T_5.11, 8;
 ; End of false expr.
    %blend;
T_5.11;
    %ret/vec4 0, 0, 16;  Assign to abs_val (store_vec4_to_lval)
    %end;
S_0x64b2cc441a40 .scope module, "u_ram" "RAM64" 9 37, 13 3 0, S_0x64b2cc430a90;
 .timescale 0 0;
    .port_info 0 /INPUT 1 "CLK";
    .port_info 1 /INPUT 8 "WE0";
    .port_info 2 /INPUT 1 "EN0";
    .port_info 3 /INPUT 5 "A0";
    .port_info 4 /INPUT 64 "Di0";
    .port_info 5 /OUTPUT 64 "Do0";
v0x64b2cc441d10_0 .net "A0", 4 0, L_0x64b2cc457250;  1 drivers
v0x64b2cc441e10_0 .net "CLK", 0 0, v0x64b2cc4452b0_0;  alias, 1 drivers
v0x64b2cc441ed0_0 .net "Di0", 63 0, v0x64b2cc444650_0;  alias, 1 drivers
v0x64b2cc441f70_0 .var "Do0", 63 0;
v0x64b2cc442050_0 .net "EN0", 0 0, L_0x64b2cc3efe40;  1 drivers
v0x64b2cc442160 .array "RAM", 0 31, 63 0;
v0x64b2cc442220_0 .net "WE0", 7 0, L_0x64b2cc456f70;  1 drivers
    .scope S_0x64b2cc406560;
T_6 ;
    %wait E_0x64b2cc3a0250;
    %load/vec4 v0x64b2cc3df790_0;
    %flag_set/vec4 8;
    %jmp/0xz  T_6.0, 8;
    %pushi/vec4 0, 0, 16;
    %assign/vec4 v0x64b2cc42dd50_0, 0;
    %pushi/vec4 0, 0, 16;
    %assign/vec4 v0x64b2cc42dec0_0, 0;
    %pushi/vec4 0, 0, 16;
    %assign/vec4 v0x64b2cc42dfa0_0, 0;
    %pushi/vec4 0, 0, 16;
    %assign/vec4 v0x64b2cc42e080_0, 0;
    %pushi/vec4 0, 0, 16;
    %assign/vec4 v0x64b2cc3ea0f0_0, 0;
    %pushi/vec4 500, 0, 16;
    %assign/vec4 v0x64b2cc42db90_0, 0;
    %pushi/vec4 0, 0, 1;
    %assign/vec4 v0x64b2cc42dad0_0, 0;
    %pushi/vec4 0, 0, 1;
    %assign/vec4 v0x64b2cc3df890_0, 0;
    %jmp T_6.1;
T_6.0 ;
    %load/vec4 v0x64b2cc42dec0_0;
    %assign/vec4 v0x64b2cc42dd50_0, 0;
    %load/vec4 v0x64b2cc42dfa0_0;
    %assign/vec4 v0x64b2cc42dec0_0, 0;
    %load/vec4 v0x64b2cc42e080_0;
    %assign/vec4 v0x64b2cc42dfa0_0, 0;
    %load/vec4 v0x64b2cc3f0030_0;
    %assign/vec4 v0x64b2cc42e080_0, 0;
    %load/vec4 v0x64b2cc42dad0_0;
    %dup/vec4;
    %pushi/vec4 0, 0, 1;
    %cmp/u;
    %jmp/1 T_6.2, 6;
    %dup/vec4;
    %pushi/vec4 1, 0, 1;
    %cmp/u;
    %jmp/1 T_6.3, 6;
    %jmp T_6.4;
T_6.2 ;
    %pushi/vec4 500, 0, 16;
    %assign/vec4 v0x64b2cc42db90_0, 0;
    %pushi/vec4 1, 0, 1;
    %assign/vec4 v0x64b2cc42dad0_0, 0;
    %jmp T_6.4;
T_6.3 ;
    %load/vec4 v0x64b2cc42dc70_0;
    %assign/vec4 v0x64b2cc42db90_0, 0;
    %load/vec4 v0x64b2cc42e080_0;
    %load/vec4 v0x64b2cc42dd50_0;
    %sub;
    %store/vec4 v0x64b2cc3ea050_0, 0, 16;
    %callf/vec4 TD_aso.abs_val, S_0x64b2cc3fb420;
    %assign/vec4 v0x64b2cc3ea0f0_0, 0;
    %load/vec4 v0x64b2cc42db90_0;
    %load/vec4 v0x64b2cc3ea0f0_0;
    %cmp/s;
    %flag_mov 8, 5;
    %jmp/0 T_6.5, 8;
    %pushi/vec4 1, 0, 1;
    %jmp/1 T_6.6, 8;
T_6.5 ; End of true expr.
    %pushi/vec4 0, 0, 1;
    %jmp/0 T_6.6, 8;
 ; End of false expr.
    %blend;
T_6.6;
    %assign/vec4 v0x64b2cc3df890_0, 0;
    %jmp T_6.4;
T_6.4 ;
    %pop/vec4 1;
T_6.1 ;
    %jmp T_6;
    .thread T_6;
    .scope S_0x64b2cc4061a0;
T_7 ;
    %wait E_0x64b2cc39ece0;
    %load/vec4 v0x64b2cc42e580_0;
    %flag_set/vec4 8;
    %jmp/0xz  T_7.0, 8;
    %pushi/vec4 0, 0, 32;
    %store/vec4 v0x64b2cc42e400_0, 0, 32;
T_7.2 ;
    %load/vec4 v0x64b2cc42e400_0;
    %cmpi/s 2, 0, 32;
    %flag_or 5, 4;
    %jmp/0xz T_7.3, 5;
    %pushi/vec4 0, 0, 16;
    %ix/getv/s 3, v0x64b2cc42e400_0;
    %ix/load 4, 0, 0; Constant delay
    %assign/vec4/a/d v0x64b2cc42e4c0, 0, 4;
    %load/vec4 v0x64b2cc42e400_0;
    %addi 1, 0, 32;
    %store/vec4 v0x64b2cc42e400_0, 0, 32;
    %jmp T_7.2;
T_7.3 ;
    %pushi/vec4 0, 0, 32;
    %assign/vec4 v0x64b2cc42e700_0, 0;
    %pushi/vec4 10000, 0, 16;
    %assign/vec4 v0x64b2cc42e8a0_0, 0;
    %pushi/vec4 0, 0, 1;
    %assign/vec4 v0x64b2cc42e7e0_0, 0;
    %pushi/vec4 0, 0, 1;
    %assign/vec4 v0x64b2cc42e640_0, 0;
    %jmp T_7.1;
T_7.0 ;
    %pushi/vec4 2, 0, 32;
    %store/vec4 v0x64b2cc42e400_0, 0, 32;
T_7.4 ;
    %load/vec4 v0x64b2cc42e400_0;
    %cmpi/s 0, 0, 32;
    %flag_or 5, 4; GT is !LE
    %flag_inv 5;
    %jmp/0xz T_7.5, 5;
    %load/vec4 v0x64b2cc42e400_0;
    %subi 1, 0, 32;
    %ix/vec4/s 4;
    %load/vec4a v0x64b2cc42e4c0, 4;
    %ix/getv/s 3, v0x64b2cc42e400_0;
    %ix/load 4, 0, 0; Constant delay
    %assign/vec4/a/d v0x64b2cc42e4c0, 0, 4;
    %load/vec4 v0x64b2cc42e400_0;
    %subi 1, 0, 32;
    %store/vec4 v0x64b2cc42e400_0, 0, 32;
    %jmp T_7.4;
T_7.5 ;
    %load/vec4 v0x64b2cc42e320_0;
    %ix/load 3, 0, 0;
    %flag_set/imm 4, 0;
    %ix/load 4, 0, 0; Constant delay
    %assign/vec4/a/d v0x64b2cc42e4c0, 0, 4;
    %load/vec4 v0x64b2cc42e7e0_0;
    %dup/vec4;
    %pushi/vec4 0, 0, 1;
    %cmp/u;
    %jmp/1 T_7.6, 6;
    %dup/vec4;
    %pushi/vec4 1, 0, 1;
    %cmp/u;
    %jmp/1 T_7.7, 6;
    %jmp T_7.8;
T_7.6 ;
    %pushi/vec4 10000, 0, 16;
    %assign/vec4 v0x64b2cc42e8a0_0, 0;
    %pushi/vec4 1, 0, 1;
    %assign/vec4 v0x64b2cc42e7e0_0, 0;
    %jmp T_7.8;
T_7.7 ;
    %load/vec4 v0x64b2cc42ea10_0;
    %assign/vec4 v0x64b2cc42e8a0_0, 0;
    %ix/load 4, 0, 0;
    %flag_set/imm 4, 0;
    %load/vec4a v0x64b2cc42e4c0, 4;
    %pad/s 32;
    %ix/load 4, 2, 0;
    %flag_set/imm 4, 0;
    %load/vec4a v0x64b2cc42e4c0, 4;
    %pad/s 32;
    %sub;
    %ix/load 4, 0, 0;
    %flag_set/imm 4, 0;
    %load/vec4a v0x64b2cc42e4c0, 4;
    %pad/s 32;
    %ix/load 4, 2, 0;
    %flag_set/imm 4, 0;
    %load/vec4a v0x64b2cc42e4c0, 4;
    %pad/s 32;
    %sub;
    %mul;
    %assign/vec4 v0x64b2cc42e700_0, 0;
    %load/vec4 v0x64b2cc42e8a0_0;
    %parti/s 1, 15, 5;
    %replicate 16;
    %load/vec4 v0x64b2cc42e8a0_0;
    %concat/vec4; draw_concat_vec4
    %load/vec4 v0x64b2cc42e700_0;
    %cmp/u;
    %flag_mov 8, 5;
    %jmp/0 T_7.9, 8;
    %pushi/vec4 1, 0, 1;
    %jmp/1 T_7.10, 8;
T_7.9 ; End of true expr.
    %pushi/vec4 0, 0, 1;
    %jmp/0 T_7.10, 8;
 ; End of false expr.
    %blend;
T_7.10;
    %assign/vec4 v0x64b2cc42e640_0, 0;
    %jmp T_7.8;
T_7.8 ;
    %pop/vec4 1;
T_7.1 ;
    %jmp T_7;
    .thread T_7;
    .scope S_0x64b2cc405e80;
T_8 ;
    %wait E_0x64b2cc39fd70;
    %load/vec4 v0x64b2cc42efd0_0;
    %flag_set/vec4 8;
    %jmp/0xz  T_8.0, 8;
    %pushi/vec4 0, 0, 16;
    %assign/vec4 v0x64b2cc42f150_0, 0;
    %pushi/vec4 0, 0, 1;
    %assign/vec4 v0x64b2cc42f230_0, 0;
    %pushi/vec4 0, 0, 8;
    %assign/vec4 v0x64b2cc42ee30_0, 0;
    %pushi/vec4 0, 0, 1;
    %assign/vec4 v0x64b2cc42ef10_0, 0;
    %jmp T_8.1;
T_8.0 ;
    %pushi/vec4 0, 0, 1;
    %assign/vec4 v0x64b2cc42f230_0, 0;
    %load/vec4 v0x64b2cc42f090_0;
    %flag_set/vec4 8;
    %jmp/0xz  T_8.2, 8;
    %load/vec4 v0x64b2cc42ebd0_0;
    %nor/r;
    %flag_set/vec4 8;
    %jmp/0xz  T_8.4, 8;
    %load/vec4 v0x64b2cc42ed70_0;
    %assign/vec4 v0x64b2cc42ee30_0, 0;
    %pushi/vec4 1, 0, 1;
    %assign/vec4 v0x64b2cc42ef10_0, 0;
    %jmp T_8.5;
T_8.4 ;
    %load/vec4 v0x64b2cc42ef10_0;
    %flag_set/vec4 8;
    %jmp/0xz  T_8.6, 8;
    %load/vec4 v0x64b2cc42ed70_0;
    %load/vec4 v0x64b2cc42ee30_0;
    %concat/vec4; draw_concat_vec4
    %assign/vec4 v0x64b2cc42f150_0, 0;
    %pushi/vec4 1, 0, 1;
    %assign/vec4 v0x64b2cc42f230_0, 0;
    %pushi/vec4 0, 0, 1;
    %assign/vec4 v0x64b2cc42ef10_0, 0;
T_8.6 ;
T_8.5 ;
T_8.2 ;
T_8.1 ;
    %jmp T_8;
    .thread T_8;
    .scope S_0x64b2cc3fbb00;
T_9 ;
    %wait E_0x64b2cc39ef90;
    %load/vec4 v0x64b2cc42fd50_0;
    %flag_set/vec4 8;
    %jmp/0xz  T_9.0, 8;
    %pushi/vec4 0, 0, 16;
    %assign/vec4 v0x64b2cc4301e0_0, 0;
    %pushi/vec4 0, 0, 16;
    %assign/vec4 v0x64b2cc4302c0_0, 0;
    %pushi/vec4 0, 0, 16;
    %assign/vec4 v0x64b2cc4303a0_0, 0;
    %pushi/vec4 0, 0, 16;
    %assign/vec4 v0x64b2cc42fc70_0, 0;
    %pushi/vec4 10000, 0, 16;
    %assign/vec4 v0x64b2cc430020_0, 0;
    %pushi/vec4 0, 0, 1;
    %assign/vec4 v0x64b2cc42fed0_0, 0;
    %pushi/vec4 0, 0, 1;
    %assign/vec4 v0x64b2cc42fe10_0, 0;
    %jmp T_9.1;
T_9.0 ;
    %load/vec4 v0x64b2cc4302c0_0;
    %assign/vec4 v0x64b2cc4301e0_0, 0;
    %load/vec4 v0x64b2cc4303a0_0;
    %assign/vec4 v0x64b2cc4302c0_0, 0;
    %load/vec4 v0x64b2cc42f910_0;
    %assign/vec4 v0x64b2cc4303a0_0, 0;
    %load/vec4 v0x64b2cc42fed0_0;
    %dup/vec4;
    %pushi/vec4 0, 0, 1;
    %cmp/u;
    %jmp/1 T_9.2, 6;
    %dup/vec4;
    %pushi/vec4 1, 0, 1;
    %cmp/u;
    %jmp/1 T_9.3, 6;
    %jmp T_9.4;
T_9.2 ;
    %pushi/vec4 10000, 0, 16;
    %assign/vec4 v0x64b2cc430020_0, 0;
    %pushi/vec4 1, 0, 1;
    %assign/vec4 v0x64b2cc42fed0_0, 0;
    %jmp T_9.4;
T_9.3 ;
    %load/vec4 v0x64b2cc430100_0;
    %assign/vec4 v0x64b2cc430020_0, 0;
    %load/vec4 v0x64b2cc4302c0_0;
    %pad/s 32;
    %load/vec4 v0x64b2cc4302c0_0;
    %pad/s 32;
    %mul;
    %assign/vec4 v0x64b2cc42fab0_0, 0;
    %load/vec4 v0x64b2cc4303a0_0;
    %pad/s 32;
    %load/vec4 v0x64b2cc4301e0_0;
    %pad/s 32;
    %mul;
    %assign/vec4 v0x64b2cc42fb90_0, 0;
    %load/vec4 v0x64b2cc42fab0_0;
    %load/vec4 v0x64b2cc42fb90_0;
    %sub;
    %store/vec4 v0x64b2cc42f750_0, 0, 32;
    %callf/vec4 TD_neo.abs_val, S_0x64b2cc42f4a0;
    %assign/vec4 v0x64b2cc42f9f0_0, 0;
    %load/vec4 v0x64b2cc42f9f0_0;
    %parti/s 16, 0, 2;
    %assign/vec4 v0x64b2cc42fc70_0, 0;
    %load/vec4 v0x64b2cc430020_0;
    %load/vec4 v0x64b2cc42fc70_0;
    %cmp/s;
    %flag_mov 8, 5;
    %jmp/0 T_9.5, 8;
    %pushi/vec4 1, 0, 1;
    %jmp/1 T_9.6, 8;
T_9.5 ; End of true expr.
    %pushi/vec4 0, 0, 1;
    %jmp/0 T_9.6, 8;
 ; End of false expr.
    %blend;
T_9.6;
    %assign/vec4 v0x64b2cc42fe10_0, 0;
    %jmp T_9.4;
T_9.4 ;
    %pop/vec4 1;
T_9.1 ;
    %jmp T_9;
    .thread T_9;
    .scope S_0x64b2cc433820;
T_10 ;
    %wait E_0x64b2cc432340;
    %load/vec4 v0x64b2cc434130_0;
    %flag_set/vec4 8;
    %jmp/0xz  T_10.0, 8;
    %pushi/vec4 0, 0, 16;
    %assign/vec4 v0x64b2cc434510_0, 0;
    %pushi/vec4 0, 0, 16;
    %assign/vec4 v0x64b2cc434680_0, 0;
    %pushi/vec4 0, 0, 16;
    %assign/vec4 v0x64b2cc434760_0, 0;
    %pushi/vec4 0, 0, 16;
    %assign/vec4 v0x64b2cc434840_0, 0;
    %pushi/vec4 0, 0, 16;
    %assign/vec4 v0x64b2cc433e70_0, 0;
    %pushi/vec4 500, 0, 16;
    %assign/vec4 v0x64b2cc434390_0, 0;
    %pushi/vec4 0, 0, 1;
    %assign/vec4 v0x64b2cc4342f0_0, 0;
    %pushi/vec4 0, 0, 1;
    %assign/vec4 v0x64b2cc434200_0, 0;
    %jmp T_10.1;
T_10.0 ;
    %load/vec4 v0x64b2cc434680_0;
    %assign/vec4 v0x64b2cc434510_0, 0;
    %load/vec4 v0x64b2cc434760_0;
    %assign/vec4 v0x64b2cc434680_0, 0;
    %load/vec4 v0x64b2cc434840_0;
    %assign/vec4 v0x64b2cc434760_0, 0;
    %load/vec4 v0x64b2cc434060_0;
    %assign/vec4 v0x64b2cc434840_0, 0;
    %load/vec4 v0x64b2cc4342f0_0;
    %dup/vec4;
    %pushi/vec4 0, 0, 1;
    %cmp/u;
    %jmp/1 T_10.2, 6;
    %dup/vec4;
    %pushi/vec4 1, 0, 1;
    %cmp/u;
    %jmp/1 T_10.3, 6;
    %jmp T_10.4;
T_10.2 ;
    %pushi/vec4 500, 0, 16;
    %assign/vec4 v0x64b2cc434390_0, 0;
    %pushi/vec4 1, 0, 1;
    %assign/vec4 v0x64b2cc4342f0_0, 0;
    %jmp T_10.4;
T_10.3 ;
    %load/vec4 v0x64b2cc434430_0;
    %assign/vec4 v0x64b2cc434390_0, 0;
    %load/vec4 v0x64b2cc434840_0;
    %load/vec4 v0x64b2cc434510_0;
    %sub;
    %store/vec4 v0x64b2cc433d90_0, 0, 16;
    %callf/vec4 TD_tb_tt_module.dut.u_processing.g_units\x5B0\x5D.u_proc.spike_detector_instance.abs_val, S_0x64b2cc433ab0;
    %assign/vec4 v0x64b2cc433e70_0, 0;
    %load/vec4 v0x64b2cc434390_0;
    %load/vec4 v0x64b2cc433e70_0;
    %cmp/s;
    %jmp/0xz  T_10.5, 5;
    %pushi/vec4 1, 0, 1;
    %assign/vec4 v0x64b2cc434200_0, 0;
    %jmp T_10.6;
T_10.5 ;
    %pushi/vec4 0, 0, 1;
    %assign/vec4 v0x64b2cc434200_0, 0;
T_10.6 ;
    %jmp T_10.4;
T_10.4 ;
    %pop/vec4 1;
T_10.1 ;
    %jmp T_10;
    .thread T_10;
    .scope S_0x64b2cc4317a0;
T_11 ;
    %wait E_0x64b2cc432340;
    %load/vec4 v0x64b2cc4333a0_0;
    %flag_set/vec4 8;
    %jmp/0xz  T_11.0, 8;
    %pushi/vec4 0, 0, 2;
    %assign/vec4 v0x64b2cc432ae0_0, 0;
    %pushi/vec4 0, 0, 2;
    %assign/vec4 v0x64b2cc4332c0_0, 0;
    %pushi/vec4 5, 0, 32;
    %assign/vec4 v0x64b2cc4324a0_0, 0;
    %pushi/vec4 1, 0, 32;
    %assign/vec4 v0x64b2cc432670_0, 0;
    %pushi/vec4 10000, 0, 32;
    %assign/vec4 v0x64b2cc433540_0, 0;
    %pushi/vec4 0, 0, 32;
    %assign/vec4 v0x64b2cc432d80_0, 0;
    %pushi/vec4 0, 0, 32;
    %assign/vec4 v0x64b2cc433460_0, 0;
    %pushi/vec4 0, 0, 32;
    %assign/vec4 v0x64b2cc4331e0_0, 0;
    %pushi/vec4 0, 0, 32;
    %assign/vec4 v0x64b2cc433100_0, 0;
    %pushi/vec4 0, 0, 32;
    %assign/vec4 v0x64b2cc432860_0, 0;
    %pushi/vec4 0, 0, 32;
    %assign/vec4 v0x64b2cc432940_0, 0;
    %pushi/vec4 0, 0, 32;
    %assign/vec4 v0x64b2cc432f40_0, 0;
    %pushi/vec4 0, 0, 32;
    %assign/vec4 v0x64b2cc433020_0, 0;
    %pushi/vec4 0, 0, 32;
    %assign/vec4 v0x64b2cc432ca0_0, 0;
    %pushi/vec4 0, 0, 2;
    %assign/vec4 v0x64b2cc432bc0_0, 0;
    %jmp T_11.1;
T_11.0 ;
    %load/vec4 v0x64b2cc4323a0_0;
    %pad/u 32;
    %assign/vec4 v0x64b2cc4324a0_0, 0;
    %load/vec4 v0x64b2cc432580_0;
    %pad/u 32;
    %assign/vec4 v0x64b2cc432670_0, 0;
    %load/vec4 v0x64b2cc433620_0;
    %pad/u 32;
    %assign/vec4 v0x64b2cc433540_0, 0;
    %load/vec4 v0x64b2cc433460_0;
    %addi 1, 0, 32;
    %assign/vec4 v0x64b2cc433460_0, 0;
    %load/vec4 v0x64b2cc432a20_0;
    %flag_set/vec4 8;
    %jmp/0xz  T_11.2, 8;
    %load/vec4 v0x64b2cc432d80_0;
    %addi 100, 0, 32;
    %assign/vec4 v0x64b2cc432d80_0, 0;
    %load/vec4 v0x64b2cc432d80_0;
    %cmpi/u 1000, 0, 32;
    %flag_or 5, 4; GT is !LE
    %flag_inv 5;
    %jmp/0xz  T_11.4, 5;
    %pushi/vec4 1000, 0, 32;
    %assign/vec4 v0x64b2cc432d80_0, 0;
T_11.4 ;
    %load/vec4 v0x64b2cc433460_0;
    %assign/vec4 v0x64b2cc433100_0, 0;
    %load/vec4 v0x64b2cc433460_0;
    %assign/vec4 v0x64b2cc4331e0_0, 0;
    %jmp T_11.3;
T_11.2 ;
    %load/vec4 v0x64b2cc433460_0;
    %load/vec4 v0x64b2cc4331e0_0;
    %sub;
    %store/vec4 v0x64b2cc432e60_0, 0, 32;
    %load/vec4 v0x64b2cc432e60_0;
    %cmpi/u 2000, 0, 32;
    %flag_inv 5; GE is !LT
    %jmp/0xz  T_11.6, 5;
    %pushi/vec4 0, 0, 32;
    %assign/vec4 v0x64b2cc432d80_0, 0;
T_11.6 ;
T_11.3 ;
    %load/vec4 v0x64b2cc433540_0;
    %load/vec4 v0x64b2cc433460_0;
    %load/vec4 v0x64b2cc433100_0;
    %sub;
    %cmp/u;
    %jmp/0xz  T_11.8, 5;
    %pushi/vec4 0, 0, 2;
    %assign/vec4 v0x64b2cc432ae0_0, 0;
T_11.8 ;
    %load/vec4 v0x64b2cc4324a0_0;
    %muli 100, 0, 32;
    %load/vec4 v0x64b2cc432d80_0;
    %cmp/u;
    %flag_or 5, 4;
    %jmp/0xz  T_11.10, 5;
    %load/vec4 v0x64b2cc432860_0;
    %addi 1, 0, 32;
    %assign/vec4 v0x64b2cc432860_0, 0;
    %load/vec4 v0x64b2cc432860_0;
    %cmpi/u 5, 0, 32;
    %flag_or 5, 4; GT is !LE
    %flag_inv 5;
    %jmp/0xz  T_11.12, 5;
    %load/vec4 v0x64b2cc432ae0_0;
    %cmpi/ne 2, 0, 2;
    %jmp/0xz  T_11.14, 4;
    %load/vec4 v0x64b2cc432ae0_0;
    %assign/vec4 v0x64b2cc4332c0_0, 0;
    %load/vec4 v0x64b2cc433460_0;
    %assign/vec4 v0x64b2cc432ca0_0, 0;
T_11.14 ;
    %pushi/vec4 2, 0, 2;
    %assign/vec4 v0x64b2cc432ae0_0, 0;
T_11.12 ;
    %jmp T_11.11;
T_11.10 ;
    %load/vec4 v0x64b2cc432670_0;
    %muli 100, 0, 32;
    %load/vec4 v0x64b2cc432d80_0;
    %cmp/u;
    %flag_or 5, 4;
    %jmp/0xz  T_11.16, 5;
    %load/vec4 v0x64b2cc432ae0_0;
    %cmpi/ne 1, 0, 2;
    %flag_get/vec4 4;
    %jmp/0 T_11.20, 4;
    %pushi/vec4 20000, 0, 64;
    %load/vec4 v0x64b2cc433460_0;
    %pad/u 64;
    %load/vec4 v0x64b2cc432f40_0;
    %pad/u 64;
    %sub;
    %cmp/u;
    %flag_get/vec4 5;
    %and;
T_11.20;
    %flag_set/vec4 8;
    %jmp/0xz  T_11.18, 8;
    %load/vec4 v0x64b2cc432ae0_0;
    %assign/vec4 v0x64b2cc4332c0_0, 0;
    %pushi/vec4 1, 0, 2;
    %assign/vec4 v0x64b2cc432ae0_0, 0;
    %load/vec4 v0x64b2cc433460_0;
    %assign/vec4 v0x64b2cc432ca0_0, 0;
    %jmp T_11.19;
T_11.18 ;
    %load/vec4 v0x64b2cc432940_0;
    %addi 1, 0, 32;
    %assign/vec4 v0x64b2cc432940_0, 0;
T_11.19 ;
    %jmp T_11.17;
T_11.16 ;
    %load/vec4 v0x64b2cc432ae0_0;
    %cmpi/e 2, 0, 2;
    %flag_get/vec4 4;
    %jmp/0 T_11.23, 4;
    %pushi/vec4 20000, 0, 64;
    %load/vec4 v0x64b2cc433460_0;
    %pad/u 64;
    %load/vec4 v0x64b2cc432f40_0;
    %pad/u 64;
    %sub;
    %cmp/u;
    %flag_get/vec4 5;
    %and;
T_11.23;
    %flag_set/vec4 8;
    %jmp/0xz  T_11.21, 8;
    %load/vec4 v0x64b2cc432670_0;
    %muli 100, 0, 32;
    %load/vec4 v0x64b2cc432d80_0;
    %cmp/u;
    %jmp/0xz  T_11.24, 5;
    %pushi/vec4 1, 0, 2;
    %assign/vec4 v0x64b2cc432ae0_0, 0;
    %jmp T_11.25;
T_11.24 ;
    %pushi/vec4 0, 0, 2;
    %assign/vec4 v0x64b2cc432ae0_0, 0;
T_11.25 ;
    %jmp T_11.22;
T_11.21 ;
    %load/vec4 v0x64b2cc4332c0_0;
    %cmpi/ne 0, 0, 2;
    %jmp/0xz  T_11.26, 4;
    %pushi/vec4 0, 0, 32;
    %assign/vec4 v0x64b2cc432860_0, 0;
    %pushi/vec4 0, 0, 32;
    %assign/vec4 v0x64b2cc432940_0, 0;
    %load/vec4 v0x64b2cc432ae0_0;
    %cmpi/e 1, 0, 2;
    %jmp/0xz  T_11.28, 4;
    %load/vec4 v0x64b2cc433460_0;
    %assign/vec4 v0x64b2cc433020_0, 0;
    %jmp T_11.29;
T_11.28 ;
    %load/vec4 v0x64b2cc432ae0_0;
    %cmpi/e 2, 0, 2;
    %jmp/0xz  T_11.30, 4;
    %load/vec4 v0x64b2cc433460_0;
    %assign/vec4 v0x64b2cc432f40_0, 0;
T_11.30 ;
T_11.29 ;
    %load/vec4 v0x64b2cc432ae0_0;
    %assign/vec4 v0x64b2cc4332c0_0, 0;
T_11.26 ;
    %pushi/vec4 0, 0, 2;
    %assign/vec4 v0x64b2cc432ae0_0, 0;
T_11.22 ;
T_11.17 ;
T_11.11 ;
    %load/vec4 v0x64b2cc432ae0_0;
    %assign/vec4 v0x64b2cc432bc0_0, 0;
T_11.1 ;
    %jmp T_11;
    .thread T_11;
    .scope S_0x64b2cc431110;
T_12 ;
    %wait E_0x64b2cc431410;
    %vpi_call/w 9 110 "$strobe", "T=%0t  unit=%0d  data_in_j=%0d (%b)", $time, P_0x64b2cc431330, v0x64b2cc435350_0, v0x64b2cc435350_0 {0 0 0};
    %jmp T_12;
    .thread T_12;
    .scope S_0x64b2cc437a00;
T_13 ;
    %wait E_0x64b2cc432340;
    %load/vec4 v0x64b2cc438370_0;
    %flag_set/vec4 8;
    %jmp/0xz  T_13.0, 8;
    %pushi/vec4 0, 0, 16;
    %assign/vec4 v0x64b2cc4387a0_0, 0;
    %pushi/vec4 0, 0, 16;
    %assign/vec4 v0x64b2cc438910_0, 0;
    %pushi/vec4 0, 0, 16;
    %assign/vec4 v0x64b2cc4389f0_0, 0;
    %pushi/vec4 0, 0, 16;
    %assign/vec4 v0x64b2cc438ad0_0, 0;
    %pushi/vec4 0, 0, 16;
    %assign/vec4 v0x64b2cc438050_0, 0;
    %pushi/vec4 500, 0, 16;
    %assign/vec4 v0x64b2cc4385e0_0, 0;
    %pushi/vec4 0, 0, 1;
    %assign/vec4 v0x64b2cc438540_0, 0;
    %pushi/vec4 0, 0, 1;
    %assign/vec4 v0x64b2cc4384a0_0, 0;
    %jmp T_13.1;
T_13.0 ;
    %load/vec4 v0x64b2cc438910_0;
    %assign/vec4 v0x64b2cc4387a0_0, 0;
    %load/vec4 v0x64b2cc4389f0_0;
    %assign/vec4 v0x64b2cc438910_0, 0;
    %load/vec4 v0x64b2cc438ad0_0;
    %assign/vec4 v0x64b2cc4389f0_0, 0;
    %load/vec4 v0x64b2cc4382a0_0;
    %assign/vec4 v0x64b2cc438ad0_0, 0;
    %load/vec4 v0x64b2cc438540_0;
    %dup/vec4;
    %pushi/vec4 0, 0, 1;
    %cmp/u;
    %jmp/1 T_13.2, 6;
    %dup/vec4;
    %pushi/vec4 1, 0, 1;
    %cmp/u;
    %jmp/1 T_13.3, 6;
    %jmp T_13.4;
T_13.2 ;
    %pushi/vec4 500, 0, 16;
    %assign/vec4 v0x64b2cc4385e0_0, 0;
    %pushi/vec4 1, 0, 1;
    %assign/vec4 v0x64b2cc438540_0, 0;
    %jmp T_13.4;
T_13.3 ;
    %load/vec4 v0x64b2cc4386c0_0;
    %assign/vec4 v0x64b2cc4385e0_0, 0;
    %load/vec4 v0x64b2cc438ad0_0;
    %load/vec4 v0x64b2cc4387a0_0;
    %sub;
    %store/vec4 v0x64b2cc437f70_0, 0, 16;
    %callf/vec4 TD_tb_tt_module.dut.u_processing.g_units\x5B1\x5D.u_proc.spike_detector_instance.abs_val, S_0x64b2cc437c90;
    %assign/vec4 v0x64b2cc438050_0, 0;
    %load/vec4 v0x64b2cc4385e0_0;
    %load/vec4 v0x64b2cc438050_0;
    %cmp/s;
    %jmp/0xz  T_13.5, 5;
    %pushi/vec4 1, 0, 1;
    %assign/vec4 v0x64b2cc4384a0_0, 0;
    %jmp T_13.6;
T_13.5 ;
    %pushi/vec4 0, 0, 1;
    %assign/vec4 v0x64b2cc4384a0_0, 0;
T_13.6 ;
    %jmp T_13.4;
T_13.4 ;
    %pop/vec4 1;
T_13.1 ;
    %jmp T_13;
    .thread T_13;
    .scope S_0x64b2cc435a20;
T_14 ;
    %wait E_0x64b2cc432340;
    %load/vec4 v0x64b2cc4375a0_0;
    %flag_set/vec4 8;
    %jmp/0xz  T_14.0, 8;
    %pushi/vec4 0, 0, 2;
    %assign/vec4 v0x64b2cc436ce0_0, 0;
    %pushi/vec4 0, 0, 2;
    %assign/vec4 v0x64b2cc4374c0_0, 0;
    %pushi/vec4 5, 0, 32;
    %assign/vec4 v0x64b2cc4366c0_0, 0;
    %pushi/vec4 1, 0, 32;
    %assign/vec4 v0x64b2cc436890_0, 0;
    %pushi/vec4 10000, 0, 32;
    %assign/vec4 v0x64b2cc437720_0, 0;
    %pushi/vec4 0, 0, 32;
    %assign/vec4 v0x64b2cc436f80_0, 0;
    %pushi/vec4 0, 0, 32;
    %assign/vec4 v0x64b2cc437640_0, 0;
    %pushi/vec4 0, 0, 32;
    %assign/vec4 v0x64b2cc4373e0_0, 0;
    %pushi/vec4 0, 0, 32;
    %assign/vec4 v0x64b2cc437300_0, 0;
    %pushi/vec4 0, 0, 32;
    %assign/vec4 v0x64b2cc436a60_0, 0;
    %pushi/vec4 0, 0, 32;
    %assign/vec4 v0x64b2cc436b40_0, 0;
    %pushi/vec4 0, 0, 32;
    %assign/vec4 v0x64b2cc437140_0, 0;
    %pushi/vec4 0, 0, 32;
    %assign/vec4 v0x64b2cc437220_0, 0;
    %pushi/vec4 0, 0, 32;
    %assign/vec4 v0x64b2cc436ea0_0, 0;
    %pushi/vec4 0, 0, 2;
    %assign/vec4 v0x64b2cc436dc0_0, 0;
    %jmp T_14.1;
T_14.0 ;
    %load/vec4 v0x64b2cc4365e0_0;
    %pad/u 32;
    %assign/vec4 v0x64b2cc4366c0_0, 0;
    %load/vec4 v0x64b2cc4367a0_0;
    %pad/u 32;
    %assign/vec4 v0x64b2cc436890_0, 0;
    %load/vec4 v0x64b2cc437800_0;
    %pad/u 32;
    %assign/vec4 v0x64b2cc437720_0, 0;
    %load/vec4 v0x64b2cc437640_0;
    %addi 1, 0, 32;
    %assign/vec4 v0x64b2cc437640_0, 0;
    %load/vec4 v0x64b2cc436c20_0;
    %flag_set/vec4 8;
    %jmp/0xz  T_14.2, 8;
    %load/vec4 v0x64b2cc436f80_0;
    %addi 100, 0, 32;
    %assign/vec4 v0x64b2cc436f80_0, 0;
    %load/vec4 v0x64b2cc436f80_0;
    %cmpi/u 1000, 0, 32;
    %flag_or 5, 4; GT is !LE
    %flag_inv 5;
    %jmp/0xz  T_14.4, 5;
    %pushi/vec4 1000, 0, 32;
    %assign/vec4 v0x64b2cc436f80_0, 0;
T_14.4 ;
    %load/vec4 v0x64b2cc437640_0;
    %assign/vec4 v0x64b2cc437300_0, 0;
    %load/vec4 v0x64b2cc437640_0;
    %assign/vec4 v0x64b2cc4373e0_0, 0;
    %jmp T_14.3;
T_14.2 ;
    %load/vec4 v0x64b2cc437640_0;
    %load/vec4 v0x64b2cc4373e0_0;
    %sub;
    %store/vec4 v0x64b2cc437060_0, 0, 32;
    %load/vec4 v0x64b2cc437060_0;
    %cmpi/u 2000, 0, 32;
    %flag_inv 5; GE is !LT
    %jmp/0xz  T_14.6, 5;
    %pushi/vec4 0, 0, 32;
    %assign/vec4 v0x64b2cc436f80_0, 0;
T_14.6 ;
T_14.3 ;
    %load/vec4 v0x64b2cc437720_0;
    %load/vec4 v0x64b2cc437640_0;
    %load/vec4 v0x64b2cc437300_0;
    %sub;
    %cmp/u;
    %jmp/0xz  T_14.8, 5;
    %pushi/vec4 0, 0, 2;
    %assign/vec4 v0x64b2cc436ce0_0, 0;
T_14.8 ;
    %load/vec4 v0x64b2cc4366c0_0;
    %muli 100, 0, 32;
    %load/vec4 v0x64b2cc436f80_0;
    %cmp/u;
    %flag_or 5, 4;
    %jmp/0xz  T_14.10, 5;
    %load/vec4 v0x64b2cc436a60_0;
    %addi 1, 0, 32;
    %assign/vec4 v0x64b2cc436a60_0, 0;
    %load/vec4 v0x64b2cc436a60_0;
    %cmpi/u 5, 0, 32;
    %flag_or 5, 4; GT is !LE
    %flag_inv 5;
    %jmp/0xz  T_14.12, 5;
    %load/vec4 v0x64b2cc436ce0_0;
    %cmpi/ne 2, 0, 2;
    %jmp/0xz  T_14.14, 4;
    %load/vec4 v0x64b2cc436ce0_0;
    %assign/vec4 v0x64b2cc4374c0_0, 0;
    %load/vec4 v0x64b2cc437640_0;
    %assign/vec4 v0x64b2cc436ea0_0, 0;
T_14.14 ;
    %pushi/vec4 2, 0, 2;
    %assign/vec4 v0x64b2cc436ce0_0, 0;
T_14.12 ;
    %jmp T_14.11;
T_14.10 ;
    %load/vec4 v0x64b2cc436890_0;
    %muli 100, 0, 32;
    %load/vec4 v0x64b2cc436f80_0;
    %cmp/u;
    %flag_or 5, 4;
    %jmp/0xz  T_14.16, 5;
    %load/vec4 v0x64b2cc436ce0_0;
    %cmpi/ne 1, 0, 2;
    %flag_get/vec4 4;
    %jmp/0 T_14.20, 4;
    %pushi/vec4 20000, 0, 64;
    %load/vec4 v0x64b2cc437640_0;
    %pad/u 64;
    %load/vec4 v0x64b2cc437140_0;
    %pad/u 64;
    %sub;
    %cmp/u;
    %flag_get/vec4 5;
    %and;
T_14.20;
    %flag_set/vec4 8;
    %jmp/0xz  T_14.18, 8;
    %load/vec4 v0x64b2cc436ce0_0;
    %assign/vec4 v0x64b2cc4374c0_0, 0;
    %pushi/vec4 1, 0, 2;
    %assign/vec4 v0x64b2cc436ce0_0, 0;
    %load/vec4 v0x64b2cc437640_0;
    %assign/vec4 v0x64b2cc436ea0_0, 0;
    %jmp T_14.19;
T_14.18 ;
    %load/vec4 v0x64b2cc436b40_0;
    %addi 1, 0, 32;
    %assign/vec4 v0x64b2cc436b40_0, 0;
T_14.19 ;
    %jmp T_14.17;
T_14.16 ;
    %load/vec4 v0x64b2cc436ce0_0;
    %cmpi/e 2, 0, 2;
    %flag_get/vec4 4;
    %jmp/0 T_14.23, 4;
    %pushi/vec4 20000, 0, 64;
    %load/vec4 v0x64b2cc437640_0;
    %pad/u 64;
    %load/vec4 v0x64b2cc437140_0;
    %pad/u 64;
    %sub;
    %cmp/u;
    %flag_get/vec4 5;
    %and;
T_14.23;
    %flag_set/vec4 8;
    %jmp/0xz  T_14.21, 8;
    %load/vec4 v0x64b2cc436890_0;
    %muli 100, 0, 32;
    %load/vec4 v0x64b2cc436f80_0;
    %cmp/u;
    %jmp/0xz  T_14.24, 5;
    %pushi/vec4 1, 0, 2;
    %assign/vec4 v0x64b2cc436ce0_0, 0;
    %jmp T_14.25;
T_14.24 ;
    %pushi/vec4 0, 0, 2;
    %assign/vec4 v0x64b2cc436ce0_0, 0;
T_14.25 ;
    %jmp T_14.22;
T_14.21 ;
    %load/vec4 v0x64b2cc4374c0_0;
    %cmpi/ne 0, 0, 2;
    %jmp/0xz  T_14.26, 4;
    %pushi/vec4 0, 0, 32;
    %assign/vec4 v0x64b2cc436a60_0, 0;
    %pushi/vec4 0, 0, 32;
    %assign/vec4 v0x64b2cc436b40_0, 0;
    %load/vec4 v0x64b2cc436ce0_0;
    %cmpi/e 1, 0, 2;
    %jmp/0xz  T_14.28, 4;
    %load/vec4 v0x64b2cc437640_0;
    %assign/vec4 v0x64b2cc437220_0, 0;
    %jmp T_14.29;
T_14.28 ;
    %load/vec4 v0x64b2cc436ce0_0;
    %cmpi/e 2, 0, 2;
    %jmp/0xz  T_14.30, 4;
    %load/vec4 v0x64b2cc437640_0;
    %assign/vec4 v0x64b2cc437140_0, 0;
T_14.30 ;
T_14.29 ;
    %load/vec4 v0x64b2cc436ce0_0;
    %assign/vec4 v0x64b2cc4374c0_0, 0;
T_14.26 ;
    %pushi/vec4 0, 0, 2;
    %assign/vec4 v0x64b2cc436ce0_0, 0;
T_14.22 ;
T_14.17 ;
T_14.11 ;
    %load/vec4 v0x64b2cc436ce0_0;
    %assign/vec4 v0x64b2cc436dc0_0, 0;
T_14.1 ;
    %jmp T_14;
    .thread T_14;
    .scope S_0x64b2cc435430;
T_15 ;
    %wait E_0x64b2cc431410;
    %vpi_call/w 9 110 "$strobe", "T=%0t  unit=%0d  data_in_j=%0d (%b)", $time, P_0x64b2cc435650, v0x64b2cc439550_0, v0x64b2cc439550_0 {0 0 0};
    %jmp T_15;
    .thread T_15;
    .scope S_0x64b2cc43bc10;
T_16 ;
    %wait E_0x64b2cc432340;
    %load/vec4 v0x64b2cc43c4f0_0;
    %flag_set/vec4 8;
    %jmp/0xz  T_16.0, 8;
    %pushi/vec4 0, 0, 16;
    %assign/vec4 v0x64b2cc43c8e0_0, 0;
    %pushi/vec4 0, 0, 16;
    %assign/vec4 v0x64b2cc43ca50_0, 0;
    %pushi/vec4 0, 0, 16;
    %assign/vec4 v0x64b2cc43cb30_0, 0;
    %pushi/vec4 0, 0, 16;
    %assign/vec4 v0x64b2cc43cc10_0, 0;
    %pushi/vec4 0, 0, 16;
    %assign/vec4 v0x64b2cc43c260_0, 0;
    %pushi/vec4 500, 0, 16;
    %assign/vec4 v0x64b2cc43c720_0, 0;
    %pushi/vec4 0, 0, 1;
    %assign/vec4 v0x64b2cc43c680_0, 0;
    %pushi/vec4 0, 0, 1;
    %assign/vec4 v0x64b2cc43c590_0, 0;
    %jmp T_16.1;
T_16.0 ;
    %load/vec4 v0x64b2cc43ca50_0;
    %assign/vec4 v0x64b2cc43c8e0_0, 0;
    %load/vec4 v0x64b2cc43cb30_0;
    %assign/vec4 v0x64b2cc43ca50_0, 0;
    %load/vec4 v0x64b2cc43cc10_0;
    %assign/vec4 v0x64b2cc43cb30_0, 0;
    %load/vec4 v0x64b2cc43c420_0;
    %assign/vec4 v0x64b2cc43cc10_0, 0;
    %load/vec4 v0x64b2cc43c680_0;
    %dup/vec4;
    %pushi/vec4 0, 0, 1;
    %cmp/u;
    %jmp/1 T_16.2, 6;
    %dup/vec4;
    %pushi/vec4 1, 0, 1;
    %cmp/u;
    %jmp/1 T_16.3, 6;
    %jmp T_16.4;
T_16.2 ;
    %pushi/vec4 500, 0, 16;
    %assign/vec4 v0x64b2cc43c720_0, 0;
    %pushi/vec4 1, 0, 1;
    %assign/vec4 v0x64b2cc43c680_0, 0;
    %jmp T_16.4;
T_16.3 ;
    %load/vec4 v0x64b2cc43c800_0;
    %assign/vec4 v0x64b2cc43c720_0, 0;
    %load/vec4 v0x64b2cc43cc10_0;
    %load/vec4 v0x64b2cc43c8e0_0;
    %sub;
    %store/vec4 v0x64b2cc43c180_0, 0, 16;
    %callf/vec4 TD_tb_tt_module.dut.u_processing.g_units\x5B2\x5D.u_proc.spike_detector_instance.abs_val, S_0x64b2cc43bea0;
    %assign/vec4 v0x64b2cc43c260_0, 0;
    %load/vec4 v0x64b2cc43c720_0;
    %load/vec4 v0x64b2cc43c260_0;
    %cmp/s;
    %jmp/0xz  T_16.5, 5;
    %pushi/vec4 1, 0, 1;
    %assign/vec4 v0x64b2cc43c590_0, 0;
    %jmp T_16.6;
T_16.5 ;
    %pushi/vec4 0, 0, 1;
    %assign/vec4 v0x64b2cc43c590_0, 0;
T_16.6 ;
    %jmp T_16.4;
T_16.4 ;
    %pop/vec4 1;
T_16.1 ;
    %jmp T_16;
    .thread T_16;
    .scope S_0x64b2cc439c00;
T_17 ;
    %wait E_0x64b2cc432340;
    %load/vec4 v0x64b2cc43b7b0_0;
    %flag_set/vec4 8;
    %jmp/0xz  T_17.0, 8;
    %pushi/vec4 0, 0, 2;
    %assign/vec4 v0x64b2cc43aef0_0, 0;
    %pushi/vec4 0, 0, 2;
    %assign/vec4 v0x64b2cc43b6d0_0, 0;
    %pushi/vec4 5, 0, 32;
    %assign/vec4 v0x64b2cc43a8d0_0, 0;
    %pushi/vec4 1, 0, 32;
    %assign/vec4 v0x64b2cc43aaa0_0, 0;
    %pushi/vec4 10000, 0, 32;
    %assign/vec4 v0x64b2cc43b930_0, 0;
    %pushi/vec4 0, 0, 32;
    %assign/vec4 v0x64b2cc43b190_0, 0;
    %pushi/vec4 0, 0, 32;
    %assign/vec4 v0x64b2cc43b850_0, 0;
    %pushi/vec4 0, 0, 32;
    %assign/vec4 v0x64b2cc43b5f0_0, 0;
    %pushi/vec4 0, 0, 32;
    %assign/vec4 v0x64b2cc43b510_0, 0;
    %pushi/vec4 0, 0, 32;
    %assign/vec4 v0x64b2cc43ac70_0, 0;
    %pushi/vec4 0, 0, 32;
    %assign/vec4 v0x64b2cc43ad50_0, 0;
    %pushi/vec4 0, 0, 32;
    %assign/vec4 v0x64b2cc43b350_0, 0;
    %pushi/vec4 0, 0, 32;
    %assign/vec4 v0x64b2cc43b430_0, 0;
    %pushi/vec4 0, 0, 32;
    %assign/vec4 v0x64b2cc43b0b0_0, 0;
    %pushi/vec4 0, 0, 2;
    %assign/vec4 v0x64b2cc43afd0_0, 0;
    %jmp T_17.1;
T_17.0 ;
    %load/vec4 v0x64b2cc43a7f0_0;
    %pad/u 32;
    %assign/vec4 v0x64b2cc43a8d0_0, 0;
    %load/vec4 v0x64b2cc43a9b0_0;
    %pad/u 32;
    %assign/vec4 v0x64b2cc43aaa0_0, 0;
    %load/vec4 v0x64b2cc43ba10_0;
    %pad/u 32;
    %assign/vec4 v0x64b2cc43b930_0, 0;
    %load/vec4 v0x64b2cc43b850_0;
    %addi 1, 0, 32;
    %assign/vec4 v0x64b2cc43b850_0, 0;
    %load/vec4 v0x64b2cc43ae30_0;
    %flag_set/vec4 8;
    %jmp/0xz  T_17.2, 8;
    %load/vec4 v0x64b2cc43b190_0;
    %addi 100, 0, 32;
    %assign/vec4 v0x64b2cc43b190_0, 0;
    %load/vec4 v0x64b2cc43b190_0;
    %cmpi/u 1000, 0, 32;
    %flag_or 5, 4; GT is !LE
    %flag_inv 5;
    %jmp/0xz  T_17.4, 5;
    %pushi/vec4 1000, 0, 32;
    %assign/vec4 v0x64b2cc43b190_0, 0;
T_17.4 ;
    %load/vec4 v0x64b2cc43b850_0;
    %assign/vec4 v0x64b2cc43b510_0, 0;
    %load/vec4 v0x64b2cc43b850_0;
    %assign/vec4 v0x64b2cc43b5f0_0, 0;
    %jmp T_17.3;
T_17.2 ;
    %load/vec4 v0x64b2cc43b850_0;
    %load/vec4 v0x64b2cc43b5f0_0;
    %sub;
    %store/vec4 v0x64b2cc43b270_0, 0, 32;
    %load/vec4 v0x64b2cc43b270_0;
    %cmpi/u 2000, 0, 32;
    %flag_inv 5; GE is !LT
    %jmp/0xz  T_17.6, 5;
    %pushi/vec4 0, 0, 32;
    %assign/vec4 v0x64b2cc43b190_0, 0;
T_17.6 ;
T_17.3 ;
    %load/vec4 v0x64b2cc43b930_0;
    %load/vec4 v0x64b2cc43b850_0;
    %load/vec4 v0x64b2cc43b510_0;
    %sub;
    %cmp/u;
    %jmp/0xz  T_17.8, 5;
    %pushi/vec4 0, 0, 2;
    %assign/vec4 v0x64b2cc43aef0_0, 0;
T_17.8 ;
    %load/vec4 v0x64b2cc43a8d0_0;
    %muli 100, 0, 32;
    %load/vec4 v0x64b2cc43b190_0;
    %cmp/u;
    %flag_or 5, 4;
    %jmp/0xz  T_17.10, 5;
    %load/vec4 v0x64b2cc43ac70_0;
    %addi 1, 0, 32;
    %assign/vec4 v0x64b2cc43ac70_0, 0;
    %load/vec4 v0x64b2cc43ac70_0;
    %cmpi/u 5, 0, 32;
    %flag_or 5, 4; GT is !LE
    %flag_inv 5;
    %jmp/0xz  T_17.12, 5;
    %load/vec4 v0x64b2cc43aef0_0;
    %cmpi/ne 2, 0, 2;
    %jmp/0xz  T_17.14, 4;
    %load/vec4 v0x64b2cc43aef0_0;
    %assign/vec4 v0x64b2cc43b6d0_0, 0;
    %load/vec4 v0x64b2cc43b850_0;
    %assign/vec4 v0x64b2cc43b0b0_0, 0;
T_17.14 ;
    %pushi/vec4 2, 0, 2;
    %assign/vec4 v0x64b2cc43aef0_0, 0;
T_17.12 ;
    %jmp T_17.11;
T_17.10 ;
    %load/vec4 v0x64b2cc43aaa0_0;
    %muli 100, 0, 32;
    %load/vec4 v0x64b2cc43b190_0;
    %cmp/u;
    %flag_or 5, 4;
    %jmp/0xz  T_17.16, 5;
    %load/vec4 v0x64b2cc43aef0_0;
    %cmpi/ne 1, 0, 2;
    %flag_get/vec4 4;
    %jmp/0 T_17.20, 4;
    %pushi/vec4 20000, 0, 64;
    %load/vec4 v0x64b2cc43b850_0;
    %pad/u 64;
    %load/vec4 v0x64b2cc43b350_0;
    %pad/u 64;
    %sub;
    %cmp/u;
    %flag_get/vec4 5;
    %and;
T_17.20;
    %flag_set/vec4 8;
    %jmp/0xz  T_17.18, 8;
    %load/vec4 v0x64b2cc43aef0_0;
    %assign/vec4 v0x64b2cc43b6d0_0, 0;
    %pushi/vec4 1, 0, 2;
    %assign/vec4 v0x64b2cc43aef0_0, 0;
    %load/vec4 v0x64b2cc43b850_0;
    %assign/vec4 v0x64b2cc43b0b0_0, 0;
    %jmp T_17.19;
T_17.18 ;
    %load/vec4 v0x64b2cc43ad50_0;
    %addi 1, 0, 32;
    %assign/vec4 v0x64b2cc43ad50_0, 0;
T_17.19 ;
    %jmp T_17.17;
T_17.16 ;
    %load/vec4 v0x64b2cc43aef0_0;
    %cmpi/e 2, 0, 2;
    %flag_get/vec4 4;
    %jmp/0 T_17.23, 4;
    %pushi/vec4 20000, 0, 64;
    %load/vec4 v0x64b2cc43b850_0;
    %pad/u 64;
    %load/vec4 v0x64b2cc43b350_0;
    %pad/u 64;
    %sub;
    %cmp/u;
    %flag_get/vec4 5;
    %and;
T_17.23;
    %flag_set/vec4 8;
    %jmp/0xz  T_17.21, 8;
    %load/vec4 v0x64b2cc43aaa0_0;
    %muli 100, 0, 32;
    %load/vec4 v0x64b2cc43b190_0;
    %cmp/u;
    %jmp/0xz  T_17.24, 5;
    %pushi/vec4 1, 0, 2;
    %assign/vec4 v0x64b2cc43aef0_0, 0;
    %jmp T_17.25;
T_17.24 ;
    %pushi/vec4 0, 0, 2;
    %assign/vec4 v0x64b2cc43aef0_0, 0;
T_17.25 ;
    %jmp T_17.22;
T_17.21 ;
    %load/vec4 v0x64b2cc43b6d0_0;
    %cmpi/ne 0, 0, 2;
    %jmp/0xz  T_17.26, 4;
    %pushi/vec4 0, 0, 32;
    %assign/vec4 v0x64b2cc43ac70_0, 0;
    %pushi/vec4 0, 0, 32;
    %assign/vec4 v0x64b2cc43ad50_0, 0;
    %load/vec4 v0x64b2cc43aef0_0;
    %cmpi/e 1, 0, 2;
    %jmp/0xz  T_17.28, 4;
    %load/vec4 v0x64b2cc43b850_0;
    %assign/vec4 v0x64b2cc43b430_0, 0;
    %jmp T_17.29;
T_17.28 ;
    %load/vec4 v0x64b2cc43aef0_0;
    %cmpi/e 2, 0, 2;
    %jmp/0xz  T_17.30, 4;
    %load/vec4 v0x64b2cc43b850_0;
    %assign/vec4 v0x64b2cc43b350_0, 0;
T_17.30 ;
T_17.29 ;
    %load/vec4 v0x64b2cc43aef0_0;
    %assign/vec4 v0x64b2cc43b6d0_0, 0;
T_17.26 ;
    %pushi/vec4 0, 0, 2;
    %assign/vec4 v0x64b2cc43aef0_0, 0;
T_17.22 ;
T_17.17 ;
T_17.11 ;
    %load/vec4 v0x64b2cc43aef0_0;
    %assign/vec4 v0x64b2cc43afd0_0, 0;
T_17.1 ;
    %jmp T_17;
    .thread T_17;
    .scope S_0x64b2cc439630;
T_18 ;
    %wait E_0x64b2cc431410;
    %vpi_call/w 9 110 "$strobe", "T=%0t  unit=%0d  data_in_j=%0d (%b)", $time, P_0x64b2cc439830, v0x64b2cc43d870_0, v0x64b2cc43d870_0 {0 0 0};
    %jmp T_18;
    .thread T_18;
    .scope S_0x64b2cc43fe90;
T_19 ;
    %wait E_0x64b2cc432340;
    %load/vec4 v0x64b2cc440770_0;
    %flag_set/vec4 8;
    %jmp/0xz  T_19.0, 8;
    %pushi/vec4 0, 0, 16;
    %assign/vec4 v0x64b2cc440b60_0, 0;
    %pushi/vec4 0, 0, 16;
    %assign/vec4 v0x64b2cc440cd0_0, 0;
    %pushi/vec4 0, 0, 16;
    %assign/vec4 v0x64b2cc440db0_0, 0;
    %pushi/vec4 0, 0, 16;
    %assign/vec4 v0x64b2cc440e90_0, 0;
    %pushi/vec4 0, 0, 16;
    %assign/vec4 v0x64b2cc4404e0_0, 0;
    %pushi/vec4 500, 0, 16;
    %assign/vec4 v0x64b2cc4409a0_0, 0;
    %pushi/vec4 0, 0, 1;
    %assign/vec4 v0x64b2cc440900_0, 0;
    %pushi/vec4 0, 0, 1;
    %assign/vec4 v0x64b2cc440810_0, 0;
    %jmp T_19.1;
T_19.0 ;
    %load/vec4 v0x64b2cc440cd0_0;
    %assign/vec4 v0x64b2cc440b60_0, 0;
    %load/vec4 v0x64b2cc440db0_0;
    %assign/vec4 v0x64b2cc440cd0_0, 0;
    %load/vec4 v0x64b2cc440e90_0;
    %assign/vec4 v0x64b2cc440db0_0, 0;
    %load/vec4 v0x64b2cc4406a0_0;
    %assign/vec4 v0x64b2cc440e90_0, 0;
    %load/vec4 v0x64b2cc440900_0;
    %dup/vec4;
    %pushi/vec4 0, 0, 1;
    %cmp/u;
    %jmp/1 T_19.2, 6;
    %dup/vec4;
    %pushi/vec4 1, 0, 1;
    %cmp/u;
    %jmp/1 T_19.3, 6;
    %jmp T_19.4;
T_19.2 ;
    %pushi/vec4 500, 0, 16;
    %assign/vec4 v0x64b2cc4409a0_0, 0;
    %pushi/vec4 1, 0, 1;
    %assign/vec4 v0x64b2cc440900_0, 0;
    %jmp T_19.4;
T_19.3 ;
    %load/vec4 v0x64b2cc440a80_0;
    %assign/vec4 v0x64b2cc4409a0_0, 0;
    %load/vec4 v0x64b2cc440e90_0;
    %load/vec4 v0x64b2cc440b60_0;
    %sub;
    %store/vec4 v0x64b2cc440400_0, 0, 16;
    %callf/vec4 TD_tb_tt_module.dut.u_processing.g_units\x5B3\x5D.u_proc.spike_detector_instance.abs_val, S_0x64b2cc440120;
    %assign/vec4 v0x64b2cc4404e0_0, 0;
    %load/vec4 v0x64b2cc4409a0_0;
    %load/vec4 v0x64b2cc4404e0_0;
    %cmp/s;
    %jmp/0xz  T_19.5, 5;
    %pushi/vec4 1, 0, 1;
    %assign/vec4 v0x64b2cc440810_0, 0;
    %jmp T_19.6;
T_19.5 ;
    %pushi/vec4 0, 0, 1;
    %assign/vec4 v0x64b2cc440810_0, 0;
T_19.6 ;
    %jmp T_19.4;
T_19.4 ;
    %pop/vec4 1;
T_19.1 ;
    %jmp T_19;
    .thread T_19;
    .scope S_0x64b2cc43df40;
T_20 ;
    %wait E_0x64b2cc432340;
    %load/vec4 v0x64b2cc43fa30_0;
    %flag_set/vec4 8;
    %jmp/0xz  T_20.0, 8;
    %pushi/vec4 0, 0, 2;
    %assign/vec4 v0x64b2cc43f170_0, 0;
    %pushi/vec4 0, 0, 2;
    %assign/vec4 v0x64b2cc43f950_0, 0;
    %pushi/vec4 5, 0, 32;
    %assign/vec4 v0x64b2cc43eb50_0, 0;
    %pushi/vec4 1, 0, 32;
    %assign/vec4 v0x64b2cc43ed20_0, 0;
    %pushi/vec4 10000, 0, 32;
    %assign/vec4 v0x64b2cc43fbb0_0, 0;
    %pushi/vec4 0, 0, 32;
    %assign/vec4 v0x64b2cc43f410_0, 0;
    %pushi/vec4 0, 0, 32;
    %assign/vec4 v0x64b2cc43fad0_0, 0;
    %pushi/vec4 0, 0, 32;
    %assign/vec4 v0x64b2cc43f870_0, 0;
    %pushi/vec4 0, 0, 32;
    %assign/vec4 v0x64b2cc43f790_0, 0;
    %pushi/vec4 0, 0, 32;
    %assign/vec4 v0x64b2cc43eef0_0, 0;
    %pushi/vec4 0, 0, 32;
    %assign/vec4 v0x64b2cc43efd0_0, 0;
    %pushi/vec4 0, 0, 32;
    %assign/vec4 v0x64b2cc43f5d0_0, 0;
    %pushi/vec4 0, 0, 32;
    %assign/vec4 v0x64b2cc43f6b0_0, 0;
    %pushi/vec4 0, 0, 32;
    %assign/vec4 v0x64b2cc43f330_0, 0;
    %pushi/vec4 0, 0, 2;
    %assign/vec4 v0x64b2cc43f250_0, 0;
    %jmp T_20.1;
T_20.0 ;
    %load/vec4 v0x64b2cc43ea70_0;
    %pad/u 32;
    %assign/vec4 v0x64b2cc43eb50_0, 0;
    %load/vec4 v0x64b2cc43ec30_0;
    %pad/u 32;
    %assign/vec4 v0x64b2cc43ed20_0, 0;
    %load/vec4 v0x64b2cc43fc90_0;
    %pad/u 32;
    %assign/vec4 v0x64b2cc43fbb0_0, 0;
    %load/vec4 v0x64b2cc43fad0_0;
    %addi 1, 0, 32;
    %assign/vec4 v0x64b2cc43fad0_0, 0;
    %load/vec4 v0x64b2cc43f0b0_0;
    %flag_set/vec4 8;
    %jmp/0xz  T_20.2, 8;
    %load/vec4 v0x64b2cc43f410_0;
    %addi 100, 0, 32;
    %assign/vec4 v0x64b2cc43f410_0, 0;
    %load/vec4 v0x64b2cc43f410_0;
    %cmpi/u 1000, 0, 32;
    %flag_or 5, 4; GT is !LE
    %flag_inv 5;
    %jmp/0xz  T_20.4, 5;
    %pushi/vec4 1000, 0, 32;
    %assign/vec4 v0x64b2cc43f410_0, 0;
T_20.4 ;
    %load/vec4 v0x64b2cc43fad0_0;
    %assign/vec4 v0x64b2cc43f790_0, 0;
    %load/vec4 v0x64b2cc43fad0_0;
    %assign/vec4 v0x64b2cc43f870_0, 0;
    %jmp T_20.3;
T_20.2 ;
    %load/vec4 v0x64b2cc43fad0_0;
    %load/vec4 v0x64b2cc43f870_0;
    %sub;
    %store/vec4 v0x64b2cc43f4f0_0, 0, 32;
    %load/vec4 v0x64b2cc43f4f0_0;
    %cmpi/u 2000, 0, 32;
    %flag_inv 5; GE is !LT
    %jmp/0xz  T_20.6, 5;
    %pushi/vec4 0, 0, 32;
    %assign/vec4 v0x64b2cc43f410_0, 0;
T_20.6 ;
T_20.3 ;
    %load/vec4 v0x64b2cc43fbb0_0;
    %load/vec4 v0x64b2cc43fad0_0;
    %load/vec4 v0x64b2cc43f790_0;
    %sub;
    %cmp/u;
    %jmp/0xz  T_20.8, 5;
    %pushi/vec4 0, 0, 2;
    %assign/vec4 v0x64b2cc43f170_0, 0;
T_20.8 ;
    %load/vec4 v0x64b2cc43eb50_0;
    %muli 100, 0, 32;
    %load/vec4 v0x64b2cc43f410_0;
    %cmp/u;
    %flag_or 5, 4;
    %jmp/0xz  T_20.10, 5;
    %load/vec4 v0x64b2cc43eef0_0;
    %addi 1, 0, 32;
    %assign/vec4 v0x64b2cc43eef0_0, 0;
    %load/vec4 v0x64b2cc43eef0_0;
    %cmpi/u 5, 0, 32;
    %flag_or 5, 4; GT is !LE
    %flag_inv 5;
    %jmp/0xz  T_20.12, 5;
    %load/vec4 v0x64b2cc43f170_0;
    %cmpi/ne 2, 0, 2;
    %jmp/0xz  T_20.14, 4;
    %load/vec4 v0x64b2cc43f170_0;
    %assign/vec4 v0x64b2cc43f950_0, 0;
    %load/vec4 v0x64b2cc43fad0_0;
    %assign/vec4 v0x64b2cc43f330_0, 0;
T_20.14 ;
    %pushi/vec4 2, 0, 2;
    %assign/vec4 v0x64b2cc43f170_0, 0;
T_20.12 ;
    %jmp T_20.11;
T_20.10 ;
    %load/vec4 v0x64b2cc43ed20_0;
    %muli 100, 0, 32;
    %load/vec4 v0x64b2cc43f410_0;
    %cmp/u;
    %flag_or 5, 4;
    %jmp/0xz  T_20.16, 5;
    %load/vec4 v0x64b2cc43f170_0;
    %cmpi/ne 1, 0, 2;
    %flag_get/vec4 4;
    %jmp/0 T_20.20, 4;
    %pushi/vec4 20000, 0, 64;
    %load/vec4 v0x64b2cc43fad0_0;
    %pad/u 64;
    %load/vec4 v0x64b2cc43f5d0_0;
    %pad/u 64;
    %sub;
    %cmp/u;
    %flag_get/vec4 5;
    %and;
T_20.20;
    %flag_set/vec4 8;
    %jmp/0xz  T_20.18, 8;
    %load/vec4 v0x64b2cc43f170_0;
    %assign/vec4 v0x64b2cc43f950_0, 0;
    %pushi/vec4 1, 0, 2;
    %assign/vec4 v0x64b2cc43f170_0, 0;
    %load/vec4 v0x64b2cc43fad0_0;
    %assign/vec4 v0x64b2cc43f330_0, 0;
    %jmp T_20.19;
T_20.18 ;
    %load/vec4 v0x64b2cc43efd0_0;
    %addi 1, 0, 32;
    %assign/vec4 v0x64b2cc43efd0_0, 0;
T_20.19 ;
    %jmp T_20.17;
T_20.16 ;
    %load/vec4 v0x64b2cc43f170_0;
    %cmpi/e 2, 0, 2;
    %flag_get/vec4 4;
    %jmp/0 T_20.23, 4;
    %pushi/vec4 20000, 0, 64;
    %load/vec4 v0x64b2cc43fad0_0;
    %pad/u 64;
    %load/vec4 v0x64b2cc43f5d0_0;
    %pad/u 64;
    %sub;
    %cmp/u;
    %flag_get/vec4 5;
    %and;
T_20.23;
    %flag_set/vec4 8;
    %jmp/0xz  T_20.21, 8;
    %load/vec4 v0x64b2cc43ed20_0;
    %muli 100, 0, 32;
    %load/vec4 v0x64b2cc43f410_0;
    %cmp/u;
    %jmp/0xz  T_20.24, 5;
    %pushi/vec4 1, 0, 2;
    %assign/vec4 v0x64b2cc43f170_0, 0;
    %jmp T_20.25;
T_20.24 ;
    %pushi/vec4 0, 0, 2;
    %assign/vec4 v0x64b2cc43f170_0, 0;
T_20.25 ;
    %jmp T_20.22;
T_20.21 ;
    %load/vec4 v0x64b2cc43f950_0;
    %cmpi/ne 0, 0, 2;
    %jmp/0xz  T_20.26, 4;
    %pushi/vec4 0, 0, 32;
    %assign/vec4 v0x64b2cc43eef0_0, 0;
    %pushi/vec4 0, 0, 32;
    %assign/vec4 v0x64b2cc43efd0_0, 0;
    %load/vec4 v0x64b2cc43f170_0;
    %cmpi/e 1, 0, 2;
    %jmp/0xz  T_20.28, 4;
    %load/vec4 v0x64b2cc43fad0_0;
    %assign/vec4 v0x64b2cc43f6b0_0, 0;
    %jmp T_20.29;
T_20.28 ;
    %load/vec4 v0x64b2cc43f170_0;
    %cmpi/e 2, 0, 2;
    %jmp/0xz  T_20.30, 4;
    %load/vec4 v0x64b2cc43fad0_0;
    %assign/vec4 v0x64b2cc43f5d0_0, 0;
T_20.30 ;
T_20.29 ;
    %load/vec4 v0x64b2cc43f170_0;
    %assign/vec4 v0x64b2cc43f950_0, 0;
T_20.26 ;
    %pushi/vec4 0, 0, 2;
    %assign/vec4 v0x64b2cc43f170_0, 0;
T_20.22 ;
T_20.17 ;
T_20.11 ;
    %load/vec4 v0x64b2cc43f170_0;
    %assign/vec4 v0x64b2cc43f250_0, 0;
T_20.1 ;
    %jmp T_20;
    .thread T_20;
    .scope S_0x64b2cc43d950;
T_21 ;
    %wait E_0x64b2cc431410;
    %vpi_call/w 9 110 "$strobe", "T=%0t  unit=%0d  data_in_j=%0d (%b)", $time, P_0x64b2cc43db50, v0x64b2cc441960_0, v0x64b2cc441960_0 {0 0 0};
    %jmp T_21;
    .thread T_21;
    .scope S_0x64b2cc441a40;
T_22 ;
    %wait E_0x64b2cc431410;
    %load/vec4 v0x64b2cc442050_0;
    %flag_set/vec4 8;
    %jmp/0xz  T_22.0, 8;
    %load/vec4 v0x64b2cc441d10_0;
    %pad/u 7;
    %ix/vec4 4;
    %load/vec4a v0x64b2cc442160, 4;
    %assign/vec4 v0x64b2cc441f70_0, 0;
    %load/vec4 v0x64b2cc442220_0;
    %parti/s 1, 0, 2;
    %flag_set/vec4 8;
    %jmp/0xz  T_22.2, 8;
    %load/vec4 v0x64b2cc441ed0_0;
    %parti/s 8, 0, 2;
    %load/vec4 v0x64b2cc441d10_0;
    %pad/u 7;
    %ix/vec4 3;
    %ix/load 4, 0, 0; Constant delay
    %assign/vec4/a/d v0x64b2cc442160, 0, 4;
T_22.2 ;
    %load/vec4 v0x64b2cc442220_0;
    %parti/s 1, 1, 2;
    %flag_set/vec4 8;
    %jmp/0xz  T_22.4, 8;
    %load/vec4 v0x64b2cc441ed0_0;
    %parti/s 8, 8, 5;
    %load/vec4 v0x64b2cc441d10_0;
    %pad/u 7;
    %ix/vec4 3;
    %ix/load 4, 8, 0; part off
    %ix/load 5, 0, 0; Constant delay
    %assign/vec4/a/d v0x64b2cc442160, 4, 5;
T_22.4 ;
    %load/vec4 v0x64b2cc442220_0;
    %parti/s 1, 2, 3;
    %flag_set/vec4 8;
    %jmp/0xz  T_22.6, 8;
    %load/vec4 v0x64b2cc441ed0_0;
    %parti/s 8, 16, 6;
    %load/vec4 v0x64b2cc441d10_0;
    %pad/u 7;
    %ix/vec4 3;
    %ix/load 4, 16, 0; part off
    %ix/load 5, 0, 0; Constant delay
    %assign/vec4/a/d v0x64b2cc442160, 4, 5;
T_22.6 ;
    %load/vec4 v0x64b2cc442220_0;
    %parti/s 1, 3, 3;
    %flag_set/vec4 8;
    %jmp/0xz  T_22.8, 8;
    %load/vec4 v0x64b2cc441ed0_0;
    %parti/s 8, 24, 6;
    %load/vec4 v0x64b2cc441d10_0;
    %pad/u 7;
    %ix/vec4 3;
    %ix/load 4, 24, 0; part off
    %ix/load 5, 0, 0; Constant delay
    %assign/vec4/a/d v0x64b2cc442160, 4, 5;
T_22.8 ;
    %load/vec4 v0x64b2cc442220_0;
    %parti/s 1, 4, 4;
    %flag_set/vec4 8;
    %jmp/0xz  T_22.10, 8;
    %load/vec4 v0x64b2cc441ed0_0;
    %parti/s 8, 32, 7;
    %load/vec4 v0x64b2cc441d10_0;
    %pad/u 7;
    %ix/vec4 3;
    %ix/load 4, 32, 0; part off
    %ix/load 5, 0, 0; Constant delay
    %assign/vec4/a/d v0x64b2cc442160, 4, 5;
T_22.10 ;
    %load/vec4 v0x64b2cc442220_0;
    %parti/s 1, 5, 4;
    %flag_set/vec4 8;
    %jmp/0xz  T_22.12, 8;
    %load/vec4 v0x64b2cc441ed0_0;
    %parti/s 8, 40, 7;
    %load/vec4 v0x64b2cc441d10_0;
    %pad/u 7;
    %ix/vec4 3;
    %ix/load 4, 40, 0; part off
    %ix/load 5, 0, 0; Constant delay
    %assign/vec4/a/d v0x64b2cc442160, 4, 5;
T_22.12 ;
    %load/vec4 v0x64b2cc442220_0;
    %parti/s 1, 6, 4;
    %flag_set/vec4 8;
    %jmp/0xz  T_22.14, 8;
    %load/vec4 v0x64b2cc441ed0_0;
    %parti/s 8, 48, 7;
    %load/vec4 v0x64b2cc441d10_0;
    %pad/u 7;
    %ix/vec4 3;
    %ix/load 4, 48, 0; part off
    %ix/load 5, 0, 0; Constant delay
    %assign/vec4/a/d v0x64b2cc442160, 4, 5;
T_22.14 ;
    %load/vec4 v0x64b2cc442220_0;
    %parti/s 1, 7, 4;
    %flag_set/vec4 8;
    %jmp/0xz  T_22.16, 8;
    %load/vec4 v0x64b2cc441ed0_0;
    %parti/s 8, 56, 7;
    %load/vec4 v0x64b2cc441d10_0;
    %pad/u 7;
    %ix/vec4 3;
    %ix/load 4, 56, 0; part off
    %ix/load 5, 0, 0; Constant delay
    %assign/vec4/a/d v0x64b2cc442160, 4, 5;
T_22.16 ;
    %jmp T_22.1;
T_22.0 ;
    %pushi/vec4 0, 0, 64;
    %assign/vec4 v0x64b2cc441f70_0, 0;
T_22.1 ;
    %jmp T_22;
    .thread T_22;
    .scope S_0x64b2cc430a90;
T_23 ;
    %pushi/vec4 0, 0, 1;
    %store/vec4 v0x64b2cc443000_0, 0, 1;
    %pushi/vec4 0, 0, 5;
    %store/vec4 v0x64b2cc442f20_0, 0, 5;
    %pushi/vec4 0, 0, 1;
    %store/vec4 v0x64b2cc443160_0, 0, 1;
    %pushi/vec4 0, 0, 64;
    %store/vec4 v0x64b2cc443330_0, 0, 64;
    %pushi/vec4 0, 0, 64;
    %store/vec4 v0x64b2cc442d00_0, 0, 64;
    %end;
    .thread T_23, $init;
    .scope S_0x64b2cc430a90;
T_24 ;
    %wait E_0x64b2cc431410;
    %load/vec4 v0x64b2cc4430c0_0;
    %flag_set/vec4 8;
    %jmp/0xz  T_24.0, 8;
    %pushi/vec4 0, 0, 1;
    %assign/vec4 v0x64b2cc443000_0, 0;
    %pushi/vec4 0, 0, 5;
    %assign/vec4 v0x64b2cc442f20_0, 0;
    %pushi/vec4 0, 0, 1;
    %assign/vec4 v0x64b2cc443160_0, 0;
    %pushi/vec4 0, 0, 64;
    %assign/vec4 v0x64b2cc443330_0, 0;
    %pushi/vec4 0, 0, 64;
    %assign/vec4 v0x64b2cc442d00_0, 0;
    %jmp T_24.1;
T_24.0 ;
    %load/vec4 v0x64b2cc442c40_0;
    %assign/vec4 v0x64b2cc442d00_0, 0;
    %pushi/vec4 0, 0, 1;
    %assign/vec4 v0x64b2cc443160_0, 0;
    %load/vec4 v0x64b2cc442af0_0;
    %flag_set/vec4 9;
    %flag_get/vec4 9;
    %jmp/0 T_24.4, 9;
    %load/vec4 v0x64b2cc443000_0;
    %nor/r;
    %and;
T_24.4;
    %flag_set/vec4 8;
    %jmp/0xz  T_24.2, 8;
    %pushi/vec4 1, 0, 1;
    %assign/vec4 v0x64b2cc443000_0, 0;
    %pushi/vec4 0, 0, 5;
    %assign/vec4 v0x64b2cc442f20_0, 0;
T_24.2 ;
    %load/vec4 v0x64b2cc443000_0;
    %flag_set/vec4 8;
    %jmp/0xz  T_24.5, 8;
    %load/vec4 v0x64b2cc442d00_0;
    %assign/vec4 v0x64b2cc443330_0, 0;
    %pushi/vec4 1, 0, 1;
    %assign/vec4 v0x64b2cc443160_0, 0;
    %load/vec4 v0x64b2cc442f20_0;
    %pad/u 32;
    %cmpi/e 31, 0, 32;
    %jmp/0xz  T_24.7, 4;
    %pushi/vec4 0, 0, 1;
    %assign/vec4 v0x64b2cc443000_0, 0;
    %pushi/vec4 0, 0, 5;
    %assign/vec4 v0x64b2cc442f20_0, 0;
    %jmp T_24.8;
T_24.7 ;
    %load/vec4 v0x64b2cc442f20_0;
    %addi 1, 0, 5;
    %assign/vec4 v0x64b2cc442f20_0, 0;
T_24.8 ;
T_24.5 ;
T_24.1 ;
    %jmp T_24;
    .thread T_24;
    .scope S_0x64b2cc430520;
T_25 ;
    %pushi/vec4 0, 0, 3;
    %store/vec4 v0x64b2cc4440c0_0, 0, 3;
    %pushi/vec4 0, 0, 64;
    %store/vec4 v0x64b2cc444650_0, 0, 64;
    %pushi/vec4 0, 0, 1;
    %store/vec4 v0x64b2cc4443b0_0, 0, 1;
    %end;
    .thread T_25, $init;
    .scope S_0x64b2cc430520;
T_26 ;
    %wait E_0x64b2cc431410;
    %pushi/vec4 0, 0, 1;
    %assign/vec4 v0x64b2cc4443b0_0, 0;
    %load/vec4 v0x64b2cc444270_0;
    %flag_set/vec4 8;
    %jmp/0xz  T_26.0, 8;
    %pushi/vec4 0, 0, 3;
    %assign/vec4 v0x64b2cc4440c0_0, 0;
    %pushi/vec4 0, 0, 64;
    %assign/vec4 v0x64b2cc444650_0, 0;
    %jmp T_26.1;
T_26.0 ;
    %load/vec4 v0x64b2cc444c10_0;
    %flag_set/vec4 8;
    %jmp/0xz  T_26.2, 8;
    %load/vec4 v0x64b2cc444650_0;
    %parti/s 56, 0, 2;
    %load/vec4 v0x64b2cc444890_0;
    %concat/vec4; draw_concat_vec4
    %assign/vec4 v0x64b2cc444650_0, 0;
    %load/vec4 v0x64b2cc4440c0_0;
    %addi 1, 0, 3;
    %assign/vec4 v0x64b2cc4440c0_0, 0;
    %load/vec4 v0x64b2cc4440c0_0;
    %pad/u 32;
    %cmpi/e 7, 0, 32;
    %jmp/0xz  T_26.4, 4;
    %pushi/vec4 1, 0, 1;
    %assign/vec4 v0x64b2cc4443b0_0, 0;
    %pushi/vec4 0, 0, 3;
    %assign/vec4 v0x64b2cc4440c0_0, 0;
T_26.4 ;
T_26.2 ;
T_26.1 ;
    %jmp T_26;
    .thread T_26;
    .scope S_0x64b2cc3fb740;
T_27 ;
    %pushi/vec4 0, 0, 1;
    %store/vec4 v0x64b2cc4452b0_0, 0, 1;
    %pushi/vec4 0, 0, 1;
    %store/vec4 v0x64b2cc445910_0, 0, 1;
    %pushi/vec4 1, 0, 1;
    %store/vec4 v0x64b2cc445510_0, 0, 1;
    %pushi/vec4 0, 0, 8;
    %store/vec4 v0x64b2cc445aa0_0, 0, 8;
    %pushi/vec4 0, 0, 8;
    %store/vec4 v0x64b2cc445b90_0, 0, 8;
    %pushi/vec4 0, 0, 32;
    %store/vec4 v0x64b2cc4459e0_0, 0, 32;
    %pushi/vec4 10000, 0, 32;
    %store/vec4 v0x64b2cc445750_0, 0, 32;
    %pushi/vec4 0, 0, 32;
    %store/vec4 v0x64b2cc4455b0_0, 0, 32;
    %end;
    .thread T_27, $init;
    .scope S_0x64b2cc3fb740;
T_28 ;
    %delay 25, 0;
    %load/vec4 v0x64b2cc4452b0_0;
    %inv;
    %store/vec4 v0x64b2cc4452b0_0, 0, 1;
    %jmp T_28;
    .thread T_28;
    .scope S_0x64b2cc3fb740;
T_29 ;
    %vpi_call/w 7 47 "$dumpfile", "wave.vcd" {0 0 0};
    %vpi_call/w 7 48 "$dumpvars", 32'sb00000000000000000000000000000000, S_0x64b2cc3fb740 {0 0 0};
    %vpi_call/w 7 49 "$dumpvars", 32'sb00000000000000000000000000000001, S_0x64b2cc430520 {0 0 0};
    %vpi_call/w 7 50 "$dumpvars", 32'sb00000000000000000000000000000010, S_0x64b2cc430a90 {0 0 0};
    %vpi_call/w 7 51 "$dumpvars", 32'sb00000000000000000000000000000011, S_0x64b2cc441a40 {0 0 0};
    %vpi_call/w 7 52 "$dumpvars", 32'sb00000000000000000000000000000100, S_0x64b2cc431470 {0 0 0};
    %vpi_call/w 7 53 "$dumpvars", 32'sb00000000000000000000000000000100, S_0x64b2cc435710 {0 0 0};
    %vpi_call/w 7 54 "$dumpvars", 32'sb00000000000000000000000000000100, S_0x64b2cc4398f0 {0 0 0};
    %vpi_call/w 7 55 "$dumpvars", 32'sb00000000000000000000000000000100, S_0x64b2cc43dc30 {0 0 0};
    %end;
    .thread T_29;
    .scope S_0x64b2cc3fb740;
T_30 ;
    %pushi/vec4 0, 0, 1;
    %store/vec4 v0x64b2cc445910_0, 0, 1;
    %pushi/vec4 10, 0, 32;
T_30.0 %dup/vec4;
    %pushi/vec4 0, 0, 32;
    %cmp/s;
    %jmp/1xz T_30.1, 5;
    %jmp/1 T_30.1, 4;
    %pushi/vec4 1, 0, 32;
    %sub;
    %wait E_0x64b2cc431410;
    %jmp T_30.0;
T_30.1 ;
    %pop/vec4 1;
    %pushi/vec4 1, 0, 1;
    %store/vec4 v0x64b2cc445910_0, 0, 1;
    %vpi_func 7 83 "$fopen" 32, "/home/gonsos/ttihp-zdrode/test/input_data_4ch.csv", "r" {0 0 0};
    %store/vec4 v0x64b2cc445430_0, 0, 32;
    %load/vec4 v0x64b2cc445430_0;
    %cmpi/e 0, 0, 32;
    %jmp/0xz  T_30.2, 4;
    %vpi_call/w 7 85 "$display", "ERROR: Could not open input_data_4ch.csv" {0 0 0};
    %vpi_call/w 7 86 "$finish" {0 0 0};
T_30.2 ;
T_30.4 ;
    %vpi_func 7 90 "$feof" 32, v0x64b2cc445430_0 {0 0 0};
    %nor/r;
    %flag_set/vec4 9;
    %flag_get/vec4 9;
    %jmp/0 T_30.6, 9;
    %load/vec4 v0x64b2cc4459e0_0;
    %load/vec4 v0x64b2cc445750_0;
    %cmp/s;
    %flag_get/vec4 5;
    %and;
T_30.6;
    %flag_set/vec4 8;
    %jmp/0xz T_30.5, 8;
    %pushi/vec4 0, 0, 32; draw_string_vec4
    %pushi/vec4 0, 0, 32; draw_string_vec4
    %concat/vec4; draw_string_vec4
    %pushi/vec4 0, 0, 32; draw_string_vec4
    %concat/vec4; draw_string_vec4
    %pushi/vec4 0, 0, 32; draw_string_vec4
    %concat/vec4; draw_string_vec4
    %pushi/vec4 0, 0, 32; draw_string_vec4
    %concat/vec4; draw_string_vec4
    %pushi/vec4 0, 0, 32; draw_string_vec4
    %concat/vec4; draw_string_vec4
    %pushi/vec4 0, 0, 32; draw_string_vec4
    %concat/vec4; draw_string_vec4
    %pushi/vec4 0, 0, 32; draw_string_vec4
    %concat/vec4; draw_string_vec4
    %store/vec4 v0x64b2cc445670_0, 0, 256;
    %vpi_func 7 93 "$fgets" 32, v0x64b2cc445670_0, v0x64b2cc445430_0 {0 0 0};
    %store/vec4 v0x64b2cc445350_0, 0, 32;
    %pushi/vec4 0, 0, 16;
    %store/vec4 v0x64b2cc444f20_0, 0, 16;
    %pushi/vec4 0, 0, 16;
    %store/vec4 v0x64b2cc445000_0, 0, 16;
    %pushi/vec4 0, 0, 16;
    %store/vec4 v0x64b2cc4450f0_0, 0, 16;
    %pushi/vec4 0, 0, 16;
    %store/vec4 v0x64b2cc4451d0_0, 0, 16;
    %vpi_func 7 103 "$sscanf" 32, v0x64b2cc445670_0, "%d,%d,%d,%d", v0x64b2cc444f20_0, v0x64b2cc445000_0, v0x64b2cc4450f0_0, v0x64b2cc4451d0_0 {0 0 0};
    %store/vec4 v0x64b2cc445350_0, 0, 32;
    %load/vec4 v0x64b2cc4451d0_0;
    %load/vec4 v0x64b2cc4450f0_0;
    %concat/vec4; draw_concat_vec4
    %load/vec4 v0x64b2cc445000_0;
    %concat/vec4; draw_concat_vec4
    %load/vec4 v0x64b2cc444f20_0;
    %concat/vec4; draw_concat_vec4
    %store/vec4 v0x64b2cc445830_0, 0, 64;
    %pushi/vec4 7, 0, 32;
    %store/vec4 v0x64b2cc444e20_0, 0, 32;
T_30.7 ;
    %load/vec4 v0x64b2cc444e20_0;
    %cmpi/s 0, 0, 32;
    %flag_inv 5; GE is !LT
    %jmp/0xz T_30.8, 5;
    %wait E_0x64b2cc431410;
    %load/vec4 v0x64b2cc445830_0;
    %load/vec4 v0x64b2cc444e20_0;
    %muli 8, 0, 32;
    %part/s 8;
    %store/vec4 v0x64b2cc445b90_0, 0, 8;
    %pushi/vec4 8, 0, 8;
    %store/vec4 v0x64b2cc445aa0_0, 0, 8;
    %wait E_0x64b2cc431410;
    %pushi/vec4 0, 0, 8;
    %store/vec4 v0x64b2cc445aa0_0, 0, 8;
    %load/vec4 v0x64b2cc444e20_0;
    %subi 1, 0, 32;
    %store/vec4 v0x64b2cc444e20_0, 0, 32;
    %jmp T_30.7;
T_30.8 ;
    %pushi/vec4 2, 0, 32;
T_30.9 %dup/vec4;
    %pushi/vec4 0, 0, 32;
    %cmp/s;
    %jmp/1xz T_30.10, 5;
    %jmp/1 T_30.10, 4;
    %pushi/vec4 1, 0, 32;
    %sub;
    %wait E_0x64b2cc431410;
    %jmp T_30.9;
T_30.10 ;
    %pop/vec4 1;
    %pushi/vec4 0, 0, 32;
    %store/vec4 v0x64b2cc4455b0_0, 0, 32;
T_30.11 ;
    %load/vec4 v0x64b2cc4455b0_0;
    %cmpi/s 4, 0, 32;
    %jmp/0xz T_30.12, 5;
    %load/vec4 v0x64b2cc4455b0_0;
    %parti/s 2, 0, 2;
    %pad/u 8;
    %store/vec4 v0x64b2cc445aa0_0, 0, 8;
    %wait E_0x64b2cc431410;
    %load/vec4 v0x64b2cc4455b0_0;
    %addi 1, 0, 32;
    %store/vec4 v0x64b2cc4455b0_0, 0, 32;
    %jmp T_30.11;
T_30.12 ;
    %load/vec4 v0x64b2cc4459e0_0;
    %addi 1, 0, 32;
    %store/vec4 v0x64b2cc4459e0_0, 0, 32;
    %jmp T_30.4;
T_30.5 ;
    %vpi_call/w 7 144 "$fclose", v0x64b2cc445430_0 {0 0 0};
    %vpi_call/w 7 145 "$display", "Simulation complete \342\200\223 %0d samples processed.", v0x64b2cc4459e0_0 {0 0 0};
    %pushi/vec4 10, 0, 32;
T_30.13 %dup/vec4;
    %pushi/vec4 0, 0, 32;
    %cmp/s;
    %jmp/1xz T_30.14, 5;
    %jmp/1 T_30.14, 4;
    %pushi/vec4 1, 0, 32;
    %sub;
    %wait E_0x64b2cc431410;
    %jmp T_30.13;
T_30.14 ;
    %pop/vec4 1;
    %vpi_call/w 7 147 "$finish" {0 0 0};
    %end;
    .thread T_30;
# The file index is used to find the file name in the following table.
:file_names 14;
    "N/A";
    "<interactive>";
    "-";
    "src/aso.v";
    "src/ed.v";
    "src/input_deserializer.v";
    "src/neo.v";
    "test/tb_tt_module.v";
    "src/project.v";
    "src/processing_system.v";
    "src/processing_unit.v";
    "src/classifier.v";
    "src/ado.v";
    "src/ram32.v";
